#
# There is insufficient memory for the Java Runtime Environment to continue.
# Native memory allocation (mmap) failed to map 105381888 bytes for committing reserved memory.
# Possible reasons:
#   The system is out of physical RAM or swap space
#   In 32 bit mode, the process size limit was hit
# Possible solutions:
#   Reduce memory load on the system
#   Increase physical memory or swap space
#   Check if swap backing store is full
#   Use 64 bit Java on a 64 bit OS
#   Decrease Java heap size (-Xmx/-Xms)
#   Decrease number of Java threads
#   Decrease Java thread stack sizes (-Xss)
#   Set larger code cache with -XX:ReservedCodeCacheSize=
# This output file may be truncated or incomplete.
#
#  Out of Memory Error (os_linux.cpp:2640), pid=23460, tid=0x00007f7e804e6700
#
# JRE version: Java(TM) SE Runtime Environment (8.0_144-b01) (build 1.8.0_144-b01)
# Java VM: Java HotSpot(TM) 64-Bit Server VM (25.144-b01 mixed mode linux-amd64 compressed oops)
# Failed to write core dump. Core dumps have been disabled. To enable core dumping, try "ulimit -c unlimited" before starting Java again
#

---------------  T H R E A D  ---------------

Current thread (0x00007f7e9407e000):  VMThread [stack: 0x00007f7e803e6000,0x00007f7e804e7000] [id=23469]

Stack: [0x00007f7e803e6000,0x00007f7e804e7000],  sp=0x00007f7e804e4fe0,  free space=1019k
Native frames: (J=compiled Java code, j=interpreted, Vv=VM code, C=native code)
V  [libjvm.so+0xacb18a]  VMError::report_and_die()+0x2ba
V  [libjvm.so+0x4ff4db]  report_vm_out_of_memory(char const*, int, unsigned long, VMErrorType, char const*)+0x8b
V  [libjvm.so+0x927d23]  os::Linux::commit_memory_impl(char*, unsigned long, bool)+0x103
V  [libjvm.so+0x928279]  os::pd_commit_memory(char*, unsigned long, unsigned long, bool)+0x29
V  [libjvm.so+0x92249a]  os::commit_memory(char*, unsigned long, unsigned long, bool)+0x2a
V  [libjvm.so+0x996ff3]  PSVirtualSpace::expand_by(unsigned long)+0x53
V  [libjvm.so+0x9983f8]  PSYoungGen::resize_generation(unsigned long, unsigned long)+0xf8
V  [libjvm.so+0x997552]  PSYoungGen::resize(unsigned long, unsigned long)+0x22
V  [libjvm.so+0x99482b]  PSScavenge::invoke_no_policy()+0xf3b
V  [libjvm.so+0x994fb1]  PSScavenge::invoke()+0x41
V  [libjvm.so+0x94bce0]  ParallelScavengeHeap::failed_mem_allocate(unsigned long)+0x70
V  [libjvm.so+0xaccba7]  VM_ParallelGCFailedAllocation::doit()+0x97
V  [libjvm.so+0xad4685]  VM_Operation::evaluate()+0x55
V  [libjvm.so+0xad2a5a]  VMThread::evaluate_operation(VM_Operation*)+0xba
V  [libjvm.so+0xad2dde]  VMThread::loop()+0x1ce
V  [libjvm.so+0xad3250]  VMThread::run()+0x70
V  [libjvm.so+0x92a338]  java_start(Thread*)+0x108

VM_Operation (0x00007f7e428e1530): ParallelGCFailedAllocation, mode: safepoint, requested by thread 0x00007f7e44007800


---------------  P R O C E S S  ---------------

Java Threads: ( => current thread )
  0x00007f7e44007800 JavaThread "JMX server connection timeout 71" daemon [_thread_blocked, id=23705, stack(0x00007f7e427e2000,0x00007f7e428e3000)]
  0x00007f7e5002f000 JavaThread "ServoPollScheduler-1" daemon [_thread_blocked, id=23700, stack(0x00007f7e426e1000,0x00007f7e427e2000)]
  0x00007f7e5002a800 JavaThread "ServoMonitorGetValueLimiter-0" daemon [_thread_blocked, id=23697, stack(0x00007f7e428e3000,0x00007f7e429e4000)]
  0x00007f7e95632800 JavaThread "ServoPollScheduler-0" daemon [_thread_blocked, id=23696, stack(0x00007f7e42de4000,0x00007f7e42ee5000)]
  0x00007f7e44005000 JavaThread "RMI TCP Connection(8)-10.0.2.15" daemon [_thread_blocked, id=23687, stack(0x00007f7e42ee5000,0x00007f7e42fe6000)]
  0x00007f7e954e0000 JavaThread "DiscoveryClient-InstanceInfoReplicator-0" daemon [_thread_blocked, id=23685, stack(0x00007f7e42fe6000,0x00007f7e430e7000)]
  0x00007f7e954dd000 JavaThread "DiscoveryClient-2" daemon [_thread_blocked, id=23684, stack(0x00007f7e430e7000,0x00007f7e431e8000)]
  0x00007f7e954d2800 JavaThread "DiscoveryClient-1" daemon [_thread_blocked, id=23683, stack(0x00007f7e431e8000,0x00007f7e432e9000)]
  0x00007f7e95486000 JavaThread "Eureka-JerseyClient-Conn-Cleaner2" daemon [_thread_blocked, id=23680, stack(0x00007f7e434e9000,0x00007f7e435ea000)]
  0x00007f7e953eb800 JavaThread "DiscoveryClient-0" daemon [_thread_blocked, id=23677, stack(0x00007f7e68325000,0x00007f7e68426000)]
  0x00007f7e95022000 JavaThread "Abandoned connection cleanup thread" daemon [_thread_blocked, id=23611, stack(0x00007f7e68626000,0x00007f7e68727000)]
  0x00007f7e9501f000 JavaThread "Tomcat JDBC Pool Cleaner[414493378:1509642774636]" daemon [_thread_blocked, id=23610, stack(0x00007f7e68727000,0x00007f7e68828000)]
  0x00007f7e44004000 JavaThread "RMI TCP Connection(7)-10.0.2.15" daemon [_thread_in_native, id=23605, stack(0x00007f7e68a28000,0x00007f7e68b29000)]
  0x00007f7e94ed2800 JavaThread "container-0" [_thread_blocked, id=23596, stack(0x00007f7e68b29000,0x00007f7e68c2a000)]
  0x00007f7e600de800 JavaThread "ContainerBackgroundProcessor[StandardEngine[Tomcat].StandardHost[localhost].StandardContext[]]" daemon [_thread_blocked, id=23595, stack(0x00007f7e68e2a000,0x00007f7e68f2b000)]
  0x00007f7e5818c800 JavaThread "localhost-startStop-1" daemon [_thread_blocked, id=23586, stack(0x00007f7e69dc0000,0x00007f7e69ec1000)]
  0x00007f7e94ed2000 JavaThread "Tomcat-startStop-1" daemon [_thread_blocked, id=23585, stack(0x00007f7e6a0d9000,0x00007f7e6a1da000)]
  0x00007f7e44003000 JavaThread "RMI TCP Connection(3)-10.0.2.15" daemon [_thread_in_native, id=23534, stack(0x00007f7e6a3da000,0x00007f7e6a4db000)]
  0x00000000018d0800 JavaThread "RMI Scheduler(0)" daemon [_thread_blocked, id=23506, stack(0x00007f7e6a501000,0x00007f7e6a602000)]
  0x00007f7e44001800 JavaThread "RMI TCP Connection(5)-10.0.2.15" daemon [_thread_in_native, id=23505, stack(0x00007f7e6a602000,0x00007f7e6a703000)]
  0x00007f7e9482d000 JavaThread "RMI TCP Accept-0" daemon [_thread_in_native, id=23502, stack(0x00007f7e6a804000,0x00007f7e6a905000)]
  0x00007f7e48003800 JavaThread "RMI TCP Connection(1)-127.0.0.1" daemon [_thread_in_native, id=23501, stack(0x00007f7e6a905000,0x00007f7e6aa06000)]
  0x00007f7e9481d800 JavaThread "RMI TCP Accept-53059" daemon [_thread_in_native, id=23500, stack(0x00007f7e6aa06000,0x00007f7e6ab07000)]
  0x00007f7e94807000 JavaThread "RMI TCP Accept-0" daemon [_thread_in_native, id=23499, stack(0x00007f7e6ab07000,0x00007f7e6ac08000)]
  0x00007f7e940d9000 JavaThread "Service Thread" daemon [_thread_blocked, id=23492, stack(0x00007f7e6b7f6000,0x00007f7e6b8f7000)]
  0x00007f7e940d5800 JavaThread "C1 CompilerThread1" daemon [_thread_blocked, id=23491, stack(0x00007f7e6b8f7000,0x00007f7e6b9f8000)]
  0x00007f7e940d2800 JavaThread "C2 CompilerThread0" daemon [_thread_blocked, id=23490, stack(0x00007f7e6b9f8000,0x00007f7e6baf9000)]
  0x00007f7e5c001000 JavaThread "JDWP Command Reader" daemon [_thread_in_native, id=23489, stack(0x00007f7e6baf9000,0x00007f7e6bbfa000)]
  0x00007f7e940d0000 JavaThread "JDWP Event Helper Thread" daemon [_thread_blocked, id=23487, stack(0x00007f7e6bbfa000,0x00007f7e6bcfb000)]
  0x00007f7e940cd000 JavaThread "JDWP Transport Listener: dt_socket" daemon [_thread_blocked, id=23484, stack(0x00007f7e6bcfb000,0x00007f7e6bdfc000)]
  0x00007f7e940bc800 JavaThread "Signal Dispatcher" daemon [_thread_blocked, id=23481, stack(0x00007f7e800e3000,0x00007f7e801e4000)]
  0x00007f7e9408a000 JavaThread "Finalizer" daemon [_thread_blocked, id=23471, stack(0x00007f7e801e4000,0x00007f7e802e5000)]
  0x00007f7e94085800 JavaThread "Reference Handler" daemon [_thread_blocked, id=23470, stack(0x00007f7e802e5000,0x00007f7e803e6000)]
  0x00007f7e94014000 JavaThread "main" [_thread_blocked, id=23463, stack(0x00007f7e9b030000,0x00007f7e9b131000)]

Other Threads:
=>0x00007f7e9407e000 VMThread [stack: 0x00007f7e803e6000,0x00007f7e804e7000] [id=23469]
  0x00007f7e94830000 WatcherThread [stack: 0x00007f7e6a703000,0x00007f7e6a804000] [id=23503]

VM state:at safepoint (normal execution)

VM Mutex/Monitor currently owned by a thread:  ([mutex/lock_event])
[0x00007f7e940104b0] Threads_lock - owner thread: 0x00007f7e9407e000
[0x00007f7e940109b0] Heap_lock - owner thread: 0x00007f7e44007800

Heap:
 PSYoungGen      total 291328K, used 13809K [0x00000000e6200000, 0x00000000f9b80000, 0x0000000100000000)
  eden space 277504K, 0% used [0x00000000e6200000,0x00000000e6200000,0x00000000f7100000)
  from space 13824K, 99% used [0x00000000f8080000,0x00000000f8dfc7d0,0x00000000f8e00000)
  to   space 11776K, 0% used [0x00000000f9000000,0x00000000f9000000,0x00000000f9b80000)
 ParOldGen       total 71680K, used 36441K [0x00000000b2600000, 0x00000000b6c00000, 0x00000000e6200000)
  object space 71680K, 50% used [0x00000000b2600000,0x00000000b4996400,0x00000000b6c00000)
 Metaspace       used 51693K, capacity 52296K, committed 52992K, reserved 1095680K
  class space    used 6655K, capacity 6822K, committed 6912K, reserved 1048576K

Card table byte_map: [0x00007f7e843a0000,0x00007f7e8460e000] byte_map_base: 0x00007f7e83e0d000

Marking Bits: (ParMarkBitMap*) 0x00007f7e9a4f4dc0
 Begin Bits: [0x00007f7e81ace000, 0x00007f7e82e36000)
 End Bits:   [0x00007f7e82e36000, 0x00007f7e8419e000)

Polling page: 0x00007f7e9b142000

CodeCache: size=245760Kb used=11891Kb max_used=11891Kb free=233868Kb
 bounds [0x00007f7e849ce000, 0x00007f7e8556e000, 0x00007f7e939ce000]
 total_blobs=5895 nmethods=5114 adapters=702
 compilation: enabled

Compilation events (10 events):
Event: 19.636 Thread 0x00007f7e940d5800 5180       1       org.hibernate.validator.internal.metadata.aggregated.PropertyMetaData::toString (52 bytes)
Event: 19.637 Thread 0x00007f7e940d5800 nmethod 5180 0x00007f7e85569ad0 code [0x00007f7e85569cc0, 0x00007f7e8556a118]
Event: 19.638 Thread 0x00007f7e940d5800 5181       1       com.fasterxml.classmate.types.ResolvedObjectType::getParentClass (5 bytes)
Event: 19.638 Thread 0x00007f7e940d5800 nmethod 5181 0x00007f7e8556a450 code [0x00007f7e8556a5c0, 0x00007f7e8556a6e8]
Event: 19.638 Thread 0x00007f7e940d5800 5182       1       com.fasterxml.classmate.types.ResolvedObjectType::getParentClass (89 bytes)
Event: 19.639 Thread 0x00007f7e940d5800 nmethod 5182 0x00007f7e8556a790 code [0x00007f7e8556a980, 0x00007f7e8556ae28]
Event: 19.639 Thread 0x00007f7e940d5800 5183       1       org.hibernate.validator.internal.engine.ValueContext::getCurrentBean (5 bytes)
Event: 19.639 Thread 0x00007f7e940d5800 nmethod 5183 0x00007f7e8556b150 code [0x00007f7e8556b2a0, 0x00007f7e8556b3b0]
Event: 19.644 Thread 0x00007f7e940d5800 5184       1       java.lang.reflect.Field::set (52 bytes)
Event: 19.646 Thread 0x00007f7e940d5800 nmethod 5184 0x00007f7e8556b410 code [0x00007f7e8556b5a0, 0x00007f7e8556b828]

GC Heap History (10 events):
Event: 8.490 GC heap after
Heap after GC invocations=10 (full 1):
 PSYoungGen      total 149504K, used 8189K [0x00000000e6200000, 0x00000000f4100000, 0x0000000100000000)
  eden space 141312K, 0% used [0x00000000e6200000,0x00000000e6200000,0x00000000eec00000)
  from space 8192K, 99% used [0x00000000eec00000,0x00000000ef3ff448,0x00000000ef400000)
  to   space 10240K, 0% used [0x00000000f3700000,0x00000000f3700000,0x00000000f4100000)
 ParOldGen       total 49664K, used 17560K [0x00000000b2600000, 0x00000000b5680000, 0x00000000e6200000)
  object space 49664K, 35% used [0x00000000b2600000,0x00000000b3726380,0x00000000b5680000)
 Metaspace       used 25327K, capacity 25702K, committed 25984K, reserved 1071104K
  class space    used 3295K, capacity 3404K, committed 3456K, reserved 1048576K
}
Event: 9.780 GC heap before
{Heap before GC invocations=11 (full 1):
 PSYoungGen      total 149504K, used 149501K [0x00000000e6200000, 0x00000000f4100000, 0x0000000100000000)
  eden space 141312K, 100% used [0x00000000e6200000,0x00000000eec00000,0x00000000eec00000)
  from space 8192K, 99% used [0x00000000eec00000,0x00000000ef3ff448,0x00000000ef400000)
  to   space 10240K, 0% used [0x00000000f3700000,0x00000000f3700000,0x00000000f4100000)
 ParOldGen       total 49664K, used 17560K [0x00000000b2600000, 0x00000000b5680000, 0x00000000e6200000)
  object space 49664K, 35% used [0x00000000b2600000,0x00000000b3726380,0x00000000b5680000)
 Metaspace       used 29593K, capacity 30022K, committed 30336K, reserved 1075200K
  class space    used 3797K, capacity 3932K, committed 3968K, reserved 1048576K
Event: 9.832 GC heap after
Heap after GC invocations=11 (full 1):
 PSYoungGen      total 216576K, used 9551K [0x00000000e6200000, 0x00000000f4180000, 0x0000000100000000)
  eden space 206336K, 0% used [0x00000000e6200000,0x00000000e6200000,0x00000000f2b80000)
  from space 10240K, 93% used [0x00000000f3700000,0x00000000f4053eb8,0x00000000f4100000)
  to   space 11264K, 0% used [0x00000000f2b80000,0x00000000f2b80000,0x00000000f3680000)
 ParOldGen       total 49664K, used 19321K [0x00000000b2600000, 0x00000000b5680000, 0x00000000e6200000)
  object space 49664K, 38% used [0x00000000b2600000,0x00000000b38de458,0x00000000b5680000)
 Metaspace       used 29593K, capacity 30022K, committed 30336K, reserved 1075200K
  class space    used 3797K, capacity 3932K, committed 3968K, reserved 1048576K
}
Event: 11.928 GC heap before
{Heap before GC invocations=12 (full 1):
 PSYoungGen      total 216576K, used 193260K [0x00000000e6200000, 0x00000000f4180000, 0x0000000100000000)
  eden space 206336K, 89% used [0x00000000e6200000,0x00000000f1567368,0x00000000f2b80000)
  from space 10240K, 93% used [0x00000000f3700000,0x00000000f4053eb8,0x00000000f4100000)
  to   space 11264K, 0% used [0x00000000f2b80000,0x00000000f2b80000,0x00000000f3680000)
 ParOldGen       total 49664K, used 19321K [0x00000000b2600000, 0x00000000b5680000, 0x00000000e6200000)
  object space 49664K, 38% used [0x00000000b2600000,0x00000000b38de458,0x00000000b5680000)
 Metaspace       used 34746K, capacity 35120K, committed 35456K, reserved 1079296K
  class space    used 4539K, capacity 4643K, committed 4736K, reserved 1048576K
Event: 11.990 GC heap after
Heap after GC invocations=12 (full 1):
 PSYoungGen      total 217600K, used 8512K [0x00000000e6200000, 0x00000000f9b80000, 0x0000000100000000)
  eden space 206336K, 0% used [0x00000000e6200000,0x00000000e6200000,0x00000000f2b80000)
  from space 11264K, 75% used [0x00000000f2b80000,0x00000000f33d03b8,0x00000000f3680000)
  to   space 11776K, 0% used [0x00000000f9000000,0x00000000f9000000,0x00000000f9b80000)
 ParOldGen       total 49664K, used 25530K [0x00000000b2600000, 0x00000000b5680000, 0x00000000e6200000)
  object space 49664K, 51% used [0x00000000b2600000,0x00000000b3eee940,0x00000000b5680000)
 Metaspace       used 34746K, capacity 35120K, committed 35456K, reserved 1079296K
  class space    used 4539K, capacity 4643K, committed 4736K, reserved 1048576K
}
Event: 11.990 GC heap before
{Heap before GC invocations=13 (full 2):
 PSYoungGen      total 217600K, used 8512K [0x00000000e6200000, 0x00000000f9b80000, 0x0000000100000000)
  eden space 206336K, 0% used [0x00000000e6200000,0x00000000e6200000,0x00000000f2b80000)
  from space 11264K, 75% used [0x00000000f2b80000,0x00000000f33d03b8,0x00000000f3680000)
  to   space 11776K, 0% used [0x00000000f9000000,0x00000000f9000000,0x00000000f9b80000)
 ParOldGen       total 49664K, used 25530K [0x00000000b2600000, 0x00000000b5680000, 0x00000000e6200000)
  object space 49664K, 51% used [0x00000000b2600000,0x00000000b3eee940,0x00000000b5680000)
 Metaspace       used 34746K, capacity 35120K, committed 35456K, reserved 1079296K
  class space    used 4539K, capacity 4643K, committed 4736K, reserved 1048576K
Event: 12.262 GC heap after
Heap after GC invocations=13 (full 2):
 PSYoungGen      total 217600K, used 0K [0x00000000e6200000, 0x00000000f9b80000, 0x0000000100000000)
  eden space 206336K, 0% used [0x00000000e6200000,0x00000000e6200000,0x00000000f2b80000)
  from space 11264K, 0% used [0x00000000f2b80000,0x00000000f2b80000,0x00000000f3680000)
  to   space 11776K, 0% used [0x00000000f9000000,0x00000000f9000000,0x00000000f9b80000)
 ParOldGen       total 71680K, used 25659K [0x00000000b2600000, 0x00000000b6c00000, 0x00000000e6200000)
  object space 71680K, 35% used [0x00000000b2600000,0x00000000b3f0eda0,0x00000000b6c00000)
 Metaspace       used 34746K, capacity 35120K, committed 35456K, reserved 1079296K
  class space    used 4539K, capacity 4643K, committed 4736K, reserved 1048576K
}
Event: 15.743 GC heap before
{Heap before GC invocations=14 (full 2):
 PSYoungGen      total 217600K, used 206336K [0x00000000e6200000, 0x00000000f9b80000, 0x0000000100000000)
  eden space 206336K, 100% used [0x00000000e6200000,0x00000000f2b80000,0x00000000f2b80000)
  from space 11264K, 0% used [0x00000000f2b80000,0x00000000f2b80000,0x00000000f3680000)
  to   space 11776K, 0% used [0x00000000f9000000,0x00000000f9000000,0x00000000f9b80000)
 ParOldGen       total 71680K, used 25659K [0x00000000b2600000, 0x00000000b6c00000, 0x00000000e6200000)
  object space 71680K, 35% used [0x00000000b2600000,0x00000000b3f0eda0,0x00000000b6c00000)
 Metaspace       used 44483K, capacity 44988K, committed 45312K, reserved 1089536K
  class space    used 5729K, capacity 5886K, committed 5888K, reserved 1048576K
Event: 15.761 GC heap after
Heap after GC invocations=14 (full 2):
 PSYoungGen      total 289280K, used 11772K [0x00000000e6200000, 0x00000000f9b80000, 0x0000000100000000)
  eden space 277504K, 0% used [0x00000000e6200000,0x00000000e6200000,0x00000000f7100000)
  from space 11776K, 99% used [0x00000000f9000000,0x00000000f9b7f040,0x00000000f9b80000)
  to   space 13824K, 0% used [0x00000000f8080000,0x00000000f8080000,0x00000000f8e00000)
 ParOldGen       total 71680K, used 28015K [0x00000000b2600000, 0x00000000b6c00000, 0x00000000e6200000)
  object space 71680K, 39% used [0x00000000b2600000,0x00000000b415bfa0,0x00000000b6c00000)
 Metaspace       used 44483K, capacity 44988K, committed 45312K, reserved 1089536K
  class space    used 5729K, capacity 5886K, committed 5888K, reserved 1048576K
}
Event: 19.984 GC heap before
{Heap before GC invocations=15 (full 2):
 PSYoungGen      total 289280K, used 289276K [0x00000000e6200000, 0x00000000f9b80000, 0x0000000100000000)
  eden space 277504K, 100% used [0x00000000e6200000,0x00000000f7100000,0x00000000f7100000)
  from space 11776K, 99% used [0x00000000f9000000,0x00000000f9b7f040,0x00000000f9b80000)
  to   space 13824K, 0% used [0x00000000f8080000,0x00000000f8080000,0x00000000f8e00000)
 ParOldGen       total 71680K, used 28015K [0x00000000b2600000, 0x00000000b6c00000, 0x00000000e6200000)
  object space 71680K, 39% used [0x00000000b2600000,0x00000000b415bfa0,0x00000000b6c00000)
 Metaspace       used 51693K, capacity 52296K, committed 52992K, reserved 1095680K
  class space    used 6655K, capacity 6822K, committed 6912K, reserved 1048576K

Deoptimization events (0 events):
No events

Internal exceptions (10 events):
Event: 19.632 Thread 0x00007f7e94014000 Exception <a 'java/lang/ArrayIndexOutOfBoundsException'> (0x00000000f6c11760) thrown at [/HUDSON3/workspace/8-2-build-linux-amd64/jdk8u144/9417/hotspot/src/share/vm/runtime/sharedRuntime.cpp, line 605]
Event: 19.633 Thread 0x00007f7e94014000 Exception <a 'java/lang/ArrayIndexOutOfBoundsException'> (0x00000000f6c13110) thrown at [/HUDSON3/workspace/8-2-build-linux-amd64/jdk8u144/9417/hotspot/src/share/vm/runtime/sharedRuntime.cpp, line 605]
Event: 19.633 Thread 0x00007f7e94014000 Exception <a 'java/lang/ArrayIndexOutOfBoundsException'> (0x00000000f6c19258) thrown at [/HUDSON3/workspace/8-2-build-linux-amd64/jdk8u144/9417/hotspot/src/share/vm/runtime/sharedRuntime.cpp, line 605]
Event: 19.634 Thread 0x00007f7e94014000 Exception <a 'java/lang/ArrayIndexOutOfBoundsException'> (0x00000000f6c1ba10) thrown at [/HUDSON3/workspace/8-2-build-linux-amd64/jdk8u144/9417/hotspot/src/share/vm/runtime/sharedRuntime.cpp, line 605]
Event: 19.634 Thread 0x00007f7e94014000 Exception <a 'java/lang/ArrayIndexOutOfBoundsException'> (0x00000000f6c21a08) thrown at [/HUDSON3/workspace/8-2-build-linux-amd64/jdk8u144/9417/hotspot/src/share/vm/runtime/sharedRuntime.cpp, line 605]
Event: 19.634 Thread 0x00007f7e94014000 Exception <a 'java/lang/ArrayIndexOutOfBoundsException'> (0x00000000f6c24120) thrown at [/HUDSON3/workspace/8-2-build-linux-amd64/jdk8u144/9417/hotspot/src/share/vm/runtime/sharedRuntime.cpp, line 605]
Event: 19.642 Thread 0x00007f7e94014000 Exception <a 'java/lang/ClassNotFoundException': java/lang/ObjectCustomizer> (0x00000000f6cd8530) thrown at [/HUDSON3/workspace/8-2-build-linux-amd64/jdk8u144/9417/hotspot/src/share/vm/classfile/systemDictionary.cpp, line 210]
Event: 19.643 Thread 0x00007f7e94014000 Exception <a 'java/lang/ClassNotFoundException': org/springframework/boot/actuate/autoconfigure/EndpointAutoConfigurationCustomizer> (0x00000000f6d0b1f8) thrown at [/HUDSON3/workspace/8-2-build-linux-amd64/jdk8u144/9417/hotspot/src/share/vm/classfile/syst
Event: 19.644 Thread 0x00007f7e94014000 Exception <a 'java/lang/ClassNotFoundException': org/springframework/boot/actuate/autoconfigure/EndpointAutoConfiguration$$EnhancerBySpringCGLIB$$fbd1c55fCustomizer> (0x00000000f6d50d80) thrown at [/HUDSON3/workspace/8-2-build-linux-amd64/jdk8u144/9417/ho
Event: 19.979 Thread 0x00007f7e94014000 Exception <a 'java/lang/ClassNotFoundException': java/lang/ObjectCustomizer> (0x00000000f6e5d788) thrown at [/HUDSON3/workspace/8-2-build-linux-amd64/jdk8u144/9417/hotspot/src/share/vm/classfile/systemDictionary.cpp, line 210]

Events (10 events):
Event: 19.980 loading class org/springframework/cloud/netflix/hystrix/HystrixAutoConfigurationCustomizer
Event: 19.980 loading class org/springframework/cloud/netflix/hystrix/HystrixAutoConfigurationCustomizer done
Event: 19.980 Thread 0x00007f7e94014000 DEOPT PACKING pc=0x00007f7e84bc5709 sp=0x00007f7e9b12bf40
Event: 19.980 Thread 0x00007f7e94014000 DEOPT UNPACKING pc=0x00007f7e84a15633 sp=0x00007f7e9b12bcb0 mode 1
Event: 19.980 Thread 0x00007f7e94014000 DEOPT PACKING pc=0x00007f7e850f16f4 sp=0x00007f7e9b12bfc0
Event: 19.980 Thread 0x00007f7e94014000 DEOPT UNPACKING pc=0x00007f7e84a15633 sp=0x00007f7e9b12bdf0 mode 1
Event: 19.980 Thread 0x00007f7e94014000 DEOPT PACKING pc=0x00007f7e850f163c sp=0x00007f7e9b12c140
Event: 19.980 Thread 0x00007f7e94014000 DEOPT UNPACKING pc=0x00007f7e84a15633 sp=0x00007f7e9b12bf70 mode 1
Event: 19.981 Thread 0x00007f7e44007800 Thread added: 0x00007f7e44007800
Event: 19.984 Executing VM operation: ParallelGCFailedAllocation


Dynamic libraries:
00400000-00401000 r-xp 00000000 08:01 409287                             /usr/lib/jvm/java-8-oracle/bin/java
00600000-00601000 rw-p 00000000 08:01 409287                             /usr/lib/jvm/java-8-oracle/bin/java
018bf000-018e0000 rw-p 00000000 00:00 0                                  [heap]
b2600000-b6c00000 rw-p 00000000 00:00 0 
b6c00000-e6200000 ---p 00000000 00:00 0 
e6200000-f9b80000 rw-p 00000000 00:00 0 
100000000-1006c0000 rw-p 00000000 00:00 0 
1006c0000-140000000 ---p 00000000 00:00 0 
7f7e426e1000-7f7e426e4000 ---p 00000000 00:00 0 
7f7e426e4000-7f7e427e2000 rw-p 00000000 00:00 0                          [stack:23700]
7f7e427e2000-7f7e427e5000 ---p 00000000 00:00 0 
7f7e427e5000-7f7e428e3000 rw-p 00000000 00:00 0                          [stack:23705]
7f7e428e3000-7f7e428e6000 ---p 00000000 00:00 0 
7f7e428e6000-7f7e42ae4000 rw-p 00000000 00:00 0                          [stack:23697]
7f7e42ae4000-7f7e42be4000 ---p 00000000 00:00 0 
7f7e42be4000-7f7e42de4000 rw-p 00000000 00:00 0 
7f7e42de4000-7f7e42de7000 ---p 00000000 00:00 0 
7f7e42de7000-7f7e42ee5000 rw-p 00000000 00:00 0                          [stack:23696]
7f7e42ee5000-7f7e42ee8000 ---p 00000000 00:00 0 
7f7e42ee8000-7f7e42fe6000 rw-p 00000000 00:00 0                          [stack:23687]
7f7e42fe6000-7f7e42fe9000 ---p 00000000 00:00 0 
7f7e42fe9000-7f7e430e7000 rw-p 00000000 00:00 0                          [stack:23685]
7f7e430e7000-7f7e430ea000 ---p 00000000 00:00 0 
7f7e430ea000-7f7e431e8000 rw-p 00000000 00:00 0                          [stack:23684]
7f7e431e8000-7f7e431eb000 ---p 00000000 00:00 0 
7f7e431eb000-7f7e434e9000 rw-p 00000000 00:00 0                          [stack:23683]
7f7e434e9000-7f7e434ec000 ---p 00000000 00:00 0 
7f7e434ec000-7f7e437ea000 rw-p 00000000 00:00 0                          [stack:23680]
7f7e437ea000-7f7e439ea000 rw-p 00000000 00:00 0 
7f7e439ea000-7f7e43bea000 rw-p 00000000 00:00 0 
7f7e43bea000-7f7e43dea000 rw-p 00000000 00:00 0 
7f7e43dea000-7f7e43e00000 r-xp 00000000 08:01 2896                       /lib/x86_64-linux-gnu/libgcc_s.so.1
7f7e43e00000-7f7e43fff000 ---p 00016000 08:01 2896                       /lib/x86_64-linux-gnu/libgcc_s.so.1
7f7e43fff000-7f7e44000000 rw-p 00015000 08:01 2896                       /lib/x86_64-linux-gnu/libgcc_s.so.1
7f7e44000000-7f7e44021000 rw-p 00000000 00:00 0 
7f7e44021000-7f7e48000000 ---p 00000000 00:00 0 
7f7e48000000-7f7e48021000 rw-p 00000000 00:00 0 
7f7e48021000-7f7e4c000000 ---p 00000000 00:00 0 
7f7e4c000000-7f7e4c7c0000 rw-p 00000000 00:00 0 
7f7e4c7c0000-7f7e50000000 ---p 00000000 00:00 0 
7f7e50000000-7f7e50043000 rw-p 00000000 00:00 0 
7f7e50043000-7f7e54000000 ---p 00000000 00:00 0 
7f7e54000000-7f7e540af000 rw-p 00000000 00:00 0 
7f7e540af000-7f7e58000000 ---p 00000000 00:00 0 
7f7e58000000-7f7e58197000 rw-p 00000000 00:00 0 
7f7e58197000-7f7e5c000000 ---p 00000000 00:00 0 
7f7e5c000000-7f7e5c021000 rw-p 00000000 00:00 0 
7f7e5c021000-7f7e60000000 ---p 00000000 00:00 0 
7f7e60000000-7f7e6012d000 rw-p 00000000 00:00 0 
7f7e6012d000-7f7e64000000 ---p 00000000 00:00 0 
7f7e64000000-7f7e64021000 rw-p 00000000 00:00 0 
7f7e64021000-7f7e68000000 ---p 00000000 00:00 0 
7f7e680cf000-7f7e680d5000 r--s 0003f000 08:01 408937                     /usr/lib/jvm/java-8-oracle/jre/lib/ext/sunjce_provider.jar
7f7e680d5000-7f7e68107000 r-xp 00000000 08:01 409064                     /usr/lib/jvm/java-8-oracle/jre/lib/amd64/libsunec.so
7f7e68107000-7f7e68306000 ---p 00032000 08:01 409064                     /usr/lib/jvm/java-8-oracle/jre/lib/amd64/libsunec.so
7f7e68306000-7f7e6830c000 rw-p 00031000 08:01 409064                     /usr/lib/jvm/java-8-oracle/jre/lib/amd64/libsunec.so
7f7e6830c000-7f7e6831c000 rw-p 00000000 00:00 0 
7f7e6831c000-7f7e6831e000 r--s 00009000 08:01 408939                     /usr/lib/jvm/java-8-oracle/jre/lib/ext/sunec.jar
7f7e6831e000-7f7e68322000 r--s 0003a000 08:01 408938                     /usr/lib/jvm/java-8-oracle/jre/lib/ext/sunpkcs11.jar
7f7e68322000-7f7e68325000 r--s 0001a000 08:01 409232                     /usr/lib/jvm/java-8-oracle/jre/lib/jce.jar
7f7e68325000-7f7e68328000 ---p 00000000 00:00 0 
7f7e68328000-7f7e68626000 rw-p 00000000 00:00 0                          [stack:23677]
7f7e68626000-7f7e68629000 ---p 00000000 00:00 0 
7f7e68629000-7f7e68727000 rw-p 00000000 00:00 0                          [stack:23611]
7f7e68727000-7f7e6872a000 ---p 00000000 00:00 0 
7f7e6872a000-7f7e68a28000 rw-p 00000000 00:00 0                          [stack:23610]
7f7e68a28000-7f7e68a2b000 ---p 00000000 00:00 0 
7f7e68a2b000-7f7e68b29000 rw-p 00000000 00:00 0                          [stack:23605]
7f7e68b29000-7f7e68b2c000 ---p 00000000 00:00 0 
7f7e68b2c000-7f7e68e2a000 rw-p 00000000 00:00 0                          [stack:23596]
7f7e68e2a000-7f7e68e2d000 ---p 00000000 00:00 0 
7f7e68e2d000-7f7e6912b000 rw-p 00000000 00:00 0                          [stack:23595]
7f7e6912b000-7f7e6932b000 rw-p 00000000 00:00 0 
7f7e6932b000-7f7e6952b000 rw-p 00000000 00:00 0 
7f7e6952b000-7f7e6972b000 rw-p 00000000 00:00 0 
7f7e6972b000-7f7e6992b000 rw-p 00000000 00:00 0 
7f7e6992b000-7f7e699c0000 r--s 01110000 08:01 408935                     /usr/lib/jvm/java-8-oracle/jre/lib/ext/jfxrt.jar
7f7e699c0000-7f7e69bc0000 rw-p 00000000 00:00 0 
7f7e69bc0000-7f7e69dc0000 rw-p 00000000 00:00 0 
7f7e69dc0000-7f7e69dc3000 ---p 00000000 00:00 0 
7f7e69dc3000-7f7e69ec1000 rw-p 00000000 00:00 0                          [stack:23586]
7f7e69ec1000-7f7e69ed4000 r--s 00345000 08:01 409149                     /usr/lib/jvm/java-8-oracle/jre/lib/resources.jar
7f7e69ed4000-7f7e6a0d4000 rw-p 00000000 00:00 0 
7f7e6a0d4000-7f7e6a0d9000 r--s 002f9000 08:01 408926                     /usr/lib/jvm/java-8-oracle/jre/lib/charsets.jar
7f7e6a0d9000-7f7e6a0dc000 ---p 00000000 00:00 0 
7f7e6a0dc000-7f7e6a3da000 rw-p 00000000 00:00 0                          [stack:23585]
7f7e6a3da000-7f7e6a3dd000 ---p 00000000 00:00 0 
7f7e6a3dd000-7f7e6a4db000 rw-p 00000000 00:00 0                          [stack:23534]
7f7e6a4db000-7f7e6a4e5000 r--s 00116000 08:01 408941                     /usr/lib/jvm/java-8-oracle/jre/lib/ext/localedata.jar
7f7e6a4e5000-7f7e6a501000 r--s 00393000 08:01 408933                     /usr/lib/jvm/java-8-oracle/jre/lib/ext/cldrdata.jar
7f7e6a501000-7f7e6a504000 ---p 00000000 00:00 0 
7f7e6a504000-7f7e6a602000 rw-p 00000000 00:00 0                          [stack:23506]
7f7e6a602000-7f7e6a605000 ---p 00000000 00:00 0 
7f7e6a605000-7f7e6a703000 rw-p 00000000 00:00 0                          [stack:23505]
7f7e6a703000-7f7e6a704000 ---p 00000000 00:00 0 
7f7e6a704000-7f7e6a804000 rw-p 00000000 00:00 0                          [stack:23503]
7f7e6a804000-7f7e6a807000 ---p 00000000 00:00 0 
7f7e6a807000-7f7e6a905000 rw-p 00000000 00:00 0                          [stack:23502]
7f7e6a905000-7f7e6a908000 ---p 00000000 00:00 0 
7f7e6a908000-7f7e6aa06000 rw-p 00000000 00:00 0                          [stack:23501]
7f7e6aa06000-7f7e6aa09000 ---p 00000000 00:00 0 
7f7e6aa09000-7f7e6ab07000 rw-p 00000000 00:00 0                          [stack:23500]
7f7e6ab07000-7f7e6ab0a000 ---p 00000000 00:00 0 
7f7e6ab0a000-7f7e6ac08000 rw-p 00000000 00:00 0                          [stack:23499]
7f7e6ac08000-7f7e6ac0d000 r--s 0009a000 08:01 409162                     /usr/lib/jvm/java-8-oracle/jre/lib/jsse.jar
7f7e6ac0d000-7f7e6ac0f000 r--s 0001a000 08:01 413548                     /opt/idea-IU-172.4343.14/lib/idea_rt.jar
7f7e6ac0f000-7f7e6ac5c000 r--s 0040c000 08:01 929611                     /home/vagrant/.m2/repository/org/codehaus/groovy/groovy/2.4.4/groovy-2.4.4.jar
7f7e6ac5c000-7f7e6ac5f000 r--s 00016000 08:01 1191398                    /home/vagrant/.m2/repository/nz/net/ultraq/thymeleaf/thymeleaf-layout-dialect/1.3.1/thymeleaf-layout-dialect-1.3.1.jar
7f7e6ac5f000-7f7e6ac62000 r--s 00020000 08:01 670344                     /home/vagrant/.m2/repository/org/unbescape/unbescape/1.1.0.RELEASE/unbescape-1.1.0.RELEASE.jar
7f7e6ac62000-7f7e6ac65000 r--s 00035000 08:01 1059246                    /home/vagrant/.m2/repository/ognl/ognl/3.0.8/ognl-3.0.8.jar
7f7e6ac65000-7f7e6ac72000 r--s 000b7000 08:01 670341                     /home/vagrant/.m2/repository/org/thymeleaf/thymeleaf/2.1.4.RELEASE/thymeleaf-2.1.4.RELEASE.jar
7f7e6ac72000-7f7e6ac75000 r--s 00034000 08:01 670340                     /home/vagrant/.m2/repository/org/thymeleaf/thymeleaf-spring4/2.1.4.RELEASE/thymeleaf-spring4-2.1.4.RELEASE.jar
7f7e6ac75000-7f7e6ac76000 r--s 00000000 08:01 1588682                    /home/vagrant/.m2/repository/org/springframework/boot/spring-boot-starter-thymeleaf/1.3.0.RELEASE/spring-boot-starter-thymeleaf-1.3.0.RELEASE.jar
7f7e6ac76000-7f7e6ac79000 r--s 0000c000 08:01 1588846                    /home/vagrant/.m2/repository/org/springframework/spring-aspects/4.2.2.RELEASE/spring-aspects-4.2.2.RELEASE.jar
7f7e6ac79000-7f7e6ac80000 r--s 0003a000 08:01 1588614                    /home/vagrant/.m2/repository/org/springframework/spring-tx/4.2.2.RELEASE/spring-tx-4.2.2.RELEASE.jar
7f7e6ac80000-7f7e6ac8a000 r--s 00068000 08:01 1588844                    /home/vagrant/.m2/repository/org/springframework/spring-orm/4.2.2.RELEASE/spring-orm-4.2.2.RELEASE.jar
7f7e6ac8a000-7f7e6ac9a000 r--s 0008c000 08:01 1588842                    /home/vagrant/.m2/repository/org/springframework/data/spring-data-commons/1.11.0.RELEASE/spring-data-commons-1.11.0.RELEASE.jar
7f7e6ac9a000-7f7e6aca1000 r--s 00038000 08:01 1588840                    /home/vagrant/.m2/repository/org/springframework/data/spring-data-jpa/1.9.0.RELEASE/spring-data-jpa-1.9.0.RELEASE.jar
7f7e6aca1000-7f7e6aca3000 r--s 00006000 08:01 1573016                    /home/vagrant/.m2/repository/javax/transaction/javax.transaction-api/1.2/javax.transaction-api-1.2.jar
7f7e6aca3000-7f7e6acad000 r--s 000a5000 08:01 1573051                    /home/vagrant/.m2/repository/org/javassist/javassist/3.18.1-GA/javassist-3.18.1-GA.jar
7f7e6acad000-7f7e6acb2000 r--s 00017000 08:01 1573049                    /home/vagrant/.m2/repository/org/hibernate/javax/persistence/hibernate-jpa-2.1-api/1.0.0.Final/hibernate-jpa-2.1-api-1.0.0.Final.jar
7f7e6acb2000-7f7e6acb5000 r--s 00010000 08:01 1573040                    /home/vagrant/.m2/repository/org/hibernate/common/hibernate-commons-annotations/4.0.5.Final/hibernate-commons-annotations-4.0.5.Final.jar
7f7e6acb5000-7f7e6acba000 r--s 00016000 08:01 1452262                    /home/vagrant/.m2/repository/xml-apis/xml-apis/1.0.b2/xml-apis-1.0.b2.jar
7f7e6acba000-7f7e6acbf000 r--s 00048000 08:01 1452260                    /home/vagrant/.m2/repository/dom4j/dom4j/1.6.1/dom4j-1.6.1.jar
7f7e6acbf000-7f7e6acc1000 r--s 00011000 08:01 1573032                    /home/vagrant/.m2/repository/org/jboss/jandex/1.1.0.Final/jandex-1.1.0.Final.jar
7f7e6acc1000-7f7e6acc6000 r--s 00068000 08:01 1450799                    /home/vagrant/.m2/repository/antlr/antlr/2.7.7/antlr-2.7.7.jar
7f7e6acc6000-7f7e6ad24000 r--s 004ac000 08:01 1573033                    /home/vagrant/.m2/repository/org/hibernate/hibernate-core/4.3.11.Final/hibernate-core-4.3.11.Final.jar
7f7e6ad24000-7f7e6ad25000 r--s 00002000 08:01 1573045                    /home/vagrant/.m2/repository/org/jboss/logging/jboss-logging-annotations/1.2.0.Beta1/jboss-logging-annotations-1.2.0.Beta1.jar
7f7e6ad25000-7f7e6ad27000 r--s 0000f000 08:01 1451399                    /home/vagrant/.m2/repository/org/jboss/logging/jboss-logging/3.3.0.Final/jboss-logging-3.3.0.Final.jar
7f7e6ad27000-7f7e6ad35000 r--s 00091000 08:01 1573030                    /home/vagrant/.m2/repository/org/hibernate/hibernate-entitymanager/4.3.11.Final/hibernate-entitymanager-4.3.11.Final.jar
7f7e6ad35000-7f7e6ad3f000 r--s 0005e000 08:01 1588838                    /home/vagrant/.m2/repository/org/springframework/spring-jdbc/4.2.2.RELEASE/spring-jdbc-4.2.2.RELEASE.jar
7f7e6ad3f000-7f7e6ad40000 r--s 00009000 08:01 1573024                    /home/vagrant/.m2/repository/org/apache/tomcat/tomcat-juli/8.0.28/tomcat-juli-8.0.28.jar
7f7e6ad40000-7f7e6ad43000 r--s 0001f000 08:01 1573021                    /home/vagrant/.m2/repository/org/apache/tomcat/tomcat-jdbc/8.0.28/tomcat-jdbc-8.0.28.jar
7f7e6ad43000-7f7e6ad44000 r--s 00000000 08:01 1573019                    /home/vagrant/.m2/repository/org/springframework/boot/spring-boot-starter-jdbc/1.3.0.RELEASE/spring-boot-starter-jdbc-1.3.0.RELEASE.jar
7f7e6ad44000-7f7e6ad5d000 r--s 001af000 08:01 1573025                    /home/vagrant/.m2/repository/org/aspectj/aspectjweaver/1.8.7/aspectjweaver-1.8.7.jar
7f7e6ad5d000-7f7e6ad66000 r--s 00051000 08:01 1453360                    /home/vagrant/.m2/repository/org/springframework/spring-aop/4.2.2.RELEASE/spring-aop-4.2.2.RELEASE.jar
7f7e6ad66000-7f7e6ad67000 r--s 00000000 08:01 1573015                    /home/vagrant/.m2/repository/org/springframework/boot/spring-boot-starter-aop/1.3.0.RELEASE/spring-boot-starter-aop-1.3.0.RELEASE.jar
7f7e6ad67000-7f7e6ad68000 r--s 00000000 08:01 1573013                    /home/vagrant/.m2/repository/org/springframework/boot/spring-boot-starter-data-jpa/1.3.0.RELEASE/spring-boot-starter-data-jpa-1.3.0.RELEASE.jar
7f7e6ad68000-7f7e6ad72000 r--s 000eb000 08:01 1582976                    /home/vagrant/.m2/repository/mysql/mysql-connector-java/5.1.44/mysql-connector-java-5.1.44.jar
7f7e6ad72000-7f7e6ad86000 r--s 0013c000 08:01 1588526                    /home/vagrant/.m2/repository/org/projectlombok/lombok/1.16.6/lombok-1.16.6.jar
7f7e6ad86000-7f7e6ad9b000 r--s 000f2000 08:01 1452222                    /home/vagrant/.m2/repository/org/springframework/spring-core/4.2.3.RELEASE/spring-core-4.2.3.RELEASE.jar
7f7e6ad9b000-7f7e6ad9d000 r--s 00009000 08:01 1450153                    /home/vagrant/.m2/repository/org/objenesis/objenesis/2.1/objenesis-2.1.jar
7f7e6ad9d000-7f7e6ad9f000 r--s 00005000 08:01 1450244                    /home/vagrant/.m2/repository/xpp3/xpp3_min/1.1.4c/xpp3_min-1.1.4c.jar
7f7e6ad9f000-7f7e6ada0000 r--s 00001000 08:01 1450239                    /home/vagrant/.m2/repository/xmlpull/xmlpull/1.1.3.1/xmlpull-1.1.3.1.jar
7f7e6ada0000-7f7e6adac000 r--s 0006a000 08:01 1191283                    /home/vagrant/.m2/repository/com/thoughtworks/xstream/xstream/1.4.2/xstream-1.4.2.jar
7f7e6adac000-7f7e6adae000 r--s 00007000 08:01 1452226                    /home/vagrant/.m2/repository/org/slf4j/slf4j-api/1.7.13/slf4j-api-1.7.13.jar
7f7e6adae000-7f7e6adb4000 r--s 00046000 08:01 1191281                    /home/vagrant/.m2/repository/io/netty/netty-transport/4.0.25.Final/netty-transport-4.0.25.Final.jar
7f7e6adb4000-7f7e6adb6000 r--s 00027000 08:01 1059233                    /home/vagrant/.m2/repository/io/netty/netty-buffer/4.0.25.Final/netty-buffer-4.0.25.Final.jar
7f7e6adb6000-7f7e6adbe000 r--s 0005f000 08:01 1191279                    /home/vagrant/.m2/repository/io/netty/netty-common/4.0.25.Final/netty-common-4.0.25.Final.jar
7f7e6adbe000-7f7e6adc0000 r--s 0000f000 08:01 1191277                    /home/vagrant/.m2/repository/io/netty/netty-transport-native-epoll/4.0.25.Final/netty-transport-native-epoll-4.0.25.Final.jar
7f7e6adc0000-7f7e6adc5000 r--s 00034000 08:01 1191274                    /home/vagrant/.m2/repository/io/netty/netty-handler/4.0.25.Final/netty-handler-4.0.25.Final.jar
7f7e6adc5000-7f7e6adc9000 r--s 0001f000 08:01 1191273                    /home/vagrant/.m2/repository/io/netty/netty-codec/4.0.25.Final/netty-codec-4.0.25.Final.jar
7f7e6adc9000-7f7e6add1000 r--s 0005f000 08:01 1191271                    /home/vagrant/.m2/repository/io/netty/netty-codec-http/4.0.25.Final/netty-codec-http-4.0.25.Final.jar
7f7e6add1000-7f7e6ae0f000 r--s 003a2000 08:01 1191270                    /home/vagrant/.m2/repository/com/netflix/eureka/eureka2-client-shaded/2.0.0-rc.2/eureka2-client-shaded-2.0.0-rc.2.jar
7f7e6ae0f000-7f7e6ae10000 r--s 00005000 08:01 1191269                    /home/vagrant/.m2/repository/com/netflix/ribbon/ribbon-eureka/2.1.0/ribbon-eureka-2.1.0.jar
7f7e6ae10000-7f7e6ae23000 r--s 000b9000 08:01 1059230                    /home/vagrant/.m2/repository/io/reactivex/rxjava/1.0.14/rxjava-1.0.14.jar
7f7e6ae23000-7f7e6ae25000 r--s 00002000 08:01 1059228                    /home/vagrant/.m2/repository/com/netflix/netflix-commons/netflix-statistics/0.1.1/netflix-statistics-0.1.1.jar
7f7e6ae25000-7f7e6ae28000 r--s 00023000 08:01 1059226                    /home/vagrant/.m2/repository/com/netflix/ribbon/ribbon-loadbalancer/2.1.0/ribbon-loadbalancer-2.1.0.jar
7f7e6ae28000-7f7e6ae29000 r--s 00001000 08:01 1059224                    /home/vagrant/.m2/repository/com/netflix/netflix-commons/netflix-commons-util/0.1.1/netflix-commons-util-0.1.1.jar
7f7e6ae29000-7f7e6ae37000 r--s 0007f000 08:01 1449875                    /home/vagrant/.m2/repository/commons-collections/commons-collections/3.2.1/commons-collections-3.2.1.jar
7f7e6ae37000-7f7e6ae39000 r--s 0000c000 08:01 1191267                    /home/vagrant/.m2/repository/com/netflix/ribbon/ribbon-httpclient/2.1.0/ribbon-httpclient-2.1.0.jar
7f7e6ae39000-7f7e6ae3e000 r--s 00041000 08:01 801911                     /home/vagrant/.m2/repository/commons-lang/commons-lang/2.6/commons-lang-2.6.jar
7f7e6ae3e000-7f7e6ae42000 r--s 00011000 08:01 1059222                    /home/vagrant/.m2/repository/com/netflix/ribbon/ribbon-core/2.1.0/ribbon-core-2.1.0.jar
7f7e6ae42000-7f7e6ae4c000 r--s 00059000 08:01 1059221                    /home/vagrant/.m2/repository/io/reactivex/rxnetty/0.4.9/rxnetty-0.4.9.jar
7f7e6ae4c000-7f7e6ae54000 r--s 0003f000 08:01 1191285                    /home/vagrant/.m2/repository/com/netflix/hystrix/hystrix-core/1.4.18/hystrix-core-1.4.18.jar
7f7e6ae54000-7f7e6ae56000 r--s 00006000 08:01 1191264                    /home/vagrant/.m2/repository/io/reactivex/rxnetty-servo/0.4.9/rxnetty-servo-0.4.9.jar
7f7e6ae56000-7f7e6ae59000 r--s 0000b000 08:01 1191263                    /home/vagrant/.m2/repository/io/reactivex/rxnetty-contexts/0.4.9/rxnetty-contexts-0.4.9.jar
7f7e6ae59000-7f7e6ae5a000 r--s 00009000 08:01 1059218                    /home/vagrant/.m2/repository/com/netflix/ribbon/ribbon-transport/2.1.0/ribbon-transport-2.1.0.jar
7f7e6ae5a000-7f7e6ae5d000 r--s 00013000 08:01 1059217                    /home/vagrant/.m2/repository/com/netflix/ribbon/ribbon/2.1.0/ribbon-2.1.0.jar
7f7e6ae5d000-7f7e6ae5e000 r--s 00000000 08:01 1588522                    /home/vagrant/.m2/repository/org/springframework/cloud/spring-cloud-starter-ribbon/1.1.0.M2/spring-cloud-starter-ribbon-1.1.0.M2.jar
7f7e6ae5e000-7f7e6ae62000 r--s 0003c000 08:01 1452234                    /home/vagrant/.m2/repository/com/fasterxml/jackson/core/jackson-core/2.6.3/jackson-core-2.6.3.jar
7f7e6ae62000-7f7e6ae65000 r--s 00006000 08:01 1191373                    /home/vagrant/.m2/repository/com/google/code/findbugs/jsr305/3.0.0/jsr305-3.0.0.jar
7f7e6ae65000-7f7e6ae67000 r--s 00003000 08:01 1059215                    /home/vagrant/.m2/repository/com/netflix/governator/governator-annotations/1.7.5/governator-annotations-1.7.5.jar
7f7e6ae67000-7f7e6ae69000 r--s 00000000 08:01 1451978                    /home/vagrant/.m2/repository/aopalliance/aopalliance/1.0/aopalliance-1.0.jar
7f7e6ae69000-7f7e6ae6a000 r--s 00000000 08:01 1451977                    /home/vagrant/.m2/repository/javax/inject/javax.inject/1/javax.inject-1.jar
7f7e6ae6a000-7f7e6ae78000 r--s 00096000 08:01 1191261                    /home/vagrant/.m2/repository/com/google/inject/guice/4.0/guice-4.0.jar
7f7e6ae78000-7f7e6ae7a000 r--s 00003000 08:01 1059210                    /home/vagrant/.m2/repository/com/sun/jersey/contribs/jersey-apache-client4/1.19/jersey-apache-client4-1.19.jar
7f7e6ae7a000-7f7e6ae7d000 r--s 0001e000 08:01 1059209                    /home/vagrant/.m2/repository/com/sun/jersey/jersey-client/1.19/jersey-client-1.19.jar
7f7e6ae7d000-7f7e6ae87000 r--s 00061000 08:01 1059207                    /home/vagrant/.m2/repository/com/sun/jersey/jersey-core/1.19/jersey-core-1.19.jar
7f7e6ae87000-7f7e6ae8b000 r--s 00027000 08:01 1059206                    /home/vagrant/.m2/repository/com/netflix/servo/servo-internal/0.9.4/servo-internal-0.9.4.jar
7f7e6ae8b000-7f7e6ae90000 r--s 00032000 08:01 1059203                    /home/vagrant/.m2/repository/com/netflix/servo/servo-core/0.9.4/servo-core-0.9.4.jar
7f7e6ae90000-7f7e6ae92000 r--s 0000a000 08:01 1588528                    /home/vagrant/.m2/repository/javax/ws/rs/jsr311-api/1.1.1/jsr311-api-1.1.1.jar
7f7e6ae92000-7f7e6aebd000 r--s 001fc000 08:01 1317425                    /home/vagrant/.m2/repository/com/google/guava/guava/18.0/guava-18.0.jar
7f7e6aebd000-7f7e6aebf000 r--s 0000e000 08:01 1191259                    /home/vagrant/.m2/repository/commons-logging/commons-logging/1.1.3/commons-logging-1.1.3.jar
7f7e6aebf000-7f7e6aec6000 r--s 00050000 08:01 1059202                    /home/vagrant/.m2/repository/commons-configuration/commons-configuration/1.8/commons-configuration-1.8.jar
7f7e6aec6000-7f7e6aeca000 r--s 0001e000 08:01 1059198                    /home/vagrant/.m2/repository/com/netflix/archaius/archaius-core/0.7.1/archaius-core-0.7.1.jar
7f7e6aeca000-7f7e6aecc000 r--s 0000f000 08:01 1059196                    /home/vagrant/.m2/repository/com/netflix/netflix-commons/netflix-eventbus/0.1.2/netflix-eventbus-0.1.2.jar
7f7e6aecc000-7f7e6aece000 r--s 00005000 08:01 1059194                    /home/vagrant/.m2/repository/stax/stax-api/1.0.1/stax-api-1.0.1.jar
7f7e6aece000-7f7e6aed1000 r--s 00012000 08:01 1059193                    /home/vagrant/.m2/repository/org/codehaus/jettison/jettison/1.3.7/jettison-1.3.7.jar
7f7e6aed1000-7f7e6aed7000 r--s 0003e000 08:01 1059191                    /home/vagrant/.m2/repository/com/netflix/eureka/eureka-client/1.2.5/eureka-client-1.2.5.jar
7f7e6aed7000-7f7e6aede000 r--s 0003a000 08:01 1588518                    /home/vagrant/.m2/repository/org/springframework/cloud/spring-cloud-netflix-core/1.1.0.M2/spring-cloud-netflix-core-1.1.0.M2.jar
7f7e6aede000-7f7e6aee1000 r--s 0000a000 08:01 1453371                    /home/vagrant/.m2/repository/org/springframework/cloud/spring-cloud-commons/1.1.0.M2/spring-cloud-commons-1.1.0.M2.jar
7f7e6aee1000-7f7e6aee3000 r--s 00009000 08:01 1588516                    /home/vagrant/.m2/repository/org/springframework/security/spring-security-crypto/4.0.2.RELEASE/spring-security-crypto-4.0.2.RELEASE.jar
7f7e6aee3000-7f7e6aee7000 r--s 00011000 08:01 1588517                    /home/vagrant/.m2/repository/org/springframework/cloud/spring-cloud-context/1.1.0.M2/spring-cloud-context-1.1.0.M2.jar
7f7e6aee7000-7f7e6aee8000 r--s 00000000 08:01 1453369                    /home/vagrant/.m2/repository/org/springframework/cloud/spring-cloud-starter/1.1.0.M2/spring-cloud-starter-1.1.0.M2.jar
7f7e6aee8000-7f7e6aee9000 r--s 00000000 08:01 1453368                    /home/vagrant/.m2/repository/org/springframework/cloud/spring-cloud-starter-eureka/1.1.0.M2/spring-cloud-starter-eureka-1.1.0.M2.jar
7f7e6aee9000-7f7e6aeea000 r--s 00005000 08:01 1190429                    /home/vagrant/.m2/repository/org/slf4j/log4j-over-slf4j/1.7.13/log4j-over-slf4j-1.7.13.jar
7f7e6aeea000-7f7e6aeec000 r--s 00000000 08:01 1190428                    /home/vagrant/.m2/repository/org/slf4j/jul-to-slf4j/1.7.13/jul-to-slf4j-1.7.13.jar
7f7e6aeec000-7f7e6aeee000 r--s 00003000 08:01 1190425                    /home/vagrant/.m2/repository/org/slf4j/jcl-over-slf4j/1.7.13/jcl-over-slf4j-1.7.13.jar
7f7e6aeee000-7f7e6aef9000 r--s 00065000 08:01 1452217                    /home/vagrant/.m2/repository/ch/qos/logback/logback-core/1.1.3/logback-core-1.1.3.jar
7f7e6aef9000-7f7e6aeff000 r--s 0003f000 08:01 1452214                    /home/vagrant/.m2/repository/ch/qos/logback/logback-classic/1.1.3/logback-classic-1.1.3.jar
7f7e6aeff000-7f7e6af00000 r--s 00000000 08:01 1452212                    /home/vagrant/.m2/repository/org/springframework/boot/spring-boot-starter-logging/1.3.0.RELEASE/spring-boot-starter-logging-1.3.0.RELEASE.jar
7f7e6af00000-7f7e6af02000 r--s 0000e000 08:01 1588629                    /home/vagrant/.m2/repository/org/springframework/integration/spring-integration-amqp/4.2.0.RELEASE/spring-integration-amqp-4.2.0.RELEASE.jar
7f7e6af02000-7f7e6af0c000 r--s 0005d000 08:01 1191372                    /home/vagrant/.m2/repository/com/rabbitmq/amqp-client/3.5.6/amqp-client-3.5.6.jar
7f7e6af0c000-7f7e6af0e000 r--s 0000a000 08:01 1191371                    /home/vagrant/.m2/repository/com/rabbitmq/http-client/1.0.0.RELEASE/http-client-1.0.0.RELEASE.jar
7f7e6af0e000-7f7e6af12000 r--s 00017000 08:01 1588627                    /home/vagrant/.m2/repository/org/springframework/amqp/spring-amqp/1.5.2.RELEASE/spring-amqp-1.5.2.RELEASE.jar
7f7e6af12000-7f7e6af19000 r--s 00057000 08:01 1588626                    /home/vagrant/.m2/repository/org/springframework/amqp/spring-rabbit/1.5.2.RELEASE/spring-rabbit-1.5.2.RELEASE.jar
7f7e6af19000-7f7e6af1a000 r--s 00000000 08:01 1588625                    /home/vagrant/.m2/repository/org/springframework/boot/spring-boot-starter-amqp/1.3.0.RELEASE/spring-boot-starter-amqp-1.3.0.RELEASE.jar
7f7e6af1a000-7f7e6af1d000 r--s 00009000 08:01 1452221                    /home/vagrant/.m2/repository/com/fasterxml/jackson/core/jackson-annotations/2.6.3/jackson-annotations-2.6.3.jar
7f7e6af1d000-7f7e6af1f000 r--s 00000000 08:01 1588622                    /home/vagrant/.m2/repository/org/springframework/cloud/spring-cloud-stream-codec/1.0.0.M2/spring-cloud-stream-codec-1.0.0.M2.jar
7f7e6af1f000-7f7e6af26000 r--s 0003a000 08:01 1453374                    /home/vagrant/.m2/repository/commons-codec/commons-codec/1.9/commons-codec-1.9.jar
7f7e6af26000-7f7e6af2d000 r--s 00049000 08:01 1317783                    /home/vagrant/.m2/repository/org/apache/httpcomponents/httpcore/4.4.4/httpcore-4.4.4.jar
7f7e6af2d000-7f7e6af3a000 r--s 000a6000 08:01 1317782                    /home/vagrant/.m2/repository/org/apache/httpcomponents/httpclient/4.5.1/httpclient-4.5.1.jar
7f7e6af3a000-7f7e6af3e000 r--s 00017000 08:01 1453401                    /home/vagrant/.m2/repository/org/springframework/retry/spring-retry/1.1.2.RELEASE/spring-retry-1.1.2.RELEASE.jar
7f7e6af3e000-7f7e6af40000 r--s 00009000 08:01 1588620                    /home/vagrant/.m2/repository/org/springframework/cloud/spring-cloud-stream-binder-spi/1.0.0.M2/spring-cloud-stream-binder-spi-1.0.0.M2.jar
7f7e6af40000-7f7e6af42000 r--s 00009000 08:01 1588617                    /home/vagrant/.m2/repository/org/springframework/cloud/spring-cloud-stream-binder-rabbit/1.0.0.M2/spring-cloud-stream-binder-rabbit-1.0.0.M2.jar
7f7e6af42000-7f7e6af58000 r--s 000da000 08:01 1453399                    /home/vagrant/.m2/repository/org/springframework/integration/spring-integration-core/4.2.0.RELEASE/spring-integration-core-4.2.0.RELEASE.jar
7f7e6af58000-7f7e6af59000 r--s 00001000 08:01 1191370                    /home/vagrant/.m2/repository/com/esotericsoftware/minlog/1.3.0/minlog-1.3.0.jar
7f7e6af59000-7f7e6af60000 r--s 00051000 08:01 1191378                    /home/vagrant/.m2/repository/com/esotericsoftware/kryo-shaded/3.0.3/kryo-shaded-3.0.3.jar
7f7e6af60000-7f7e6af62000 r--s 00007000 08:01 1588613                    /home/vagrant/.m2/repository/org/springframework/cloud/spring-cloud-stream-tuple/1.0.0.M2/spring-cloud-stream-tuple-1.0.0.M2.jar
7f7e6af62000-7f7e6af70000 r--s 000a5000 08:01 1453356                    /home/vagrant/.m2/repository/org/springframework/spring-beans/4.2.2.RELEASE/spring-beans-4.2.2.RELEASE.jar
7f7e6af70000-7f7e6af7a000 r--s 00052000 08:01 1453398                    /home/vagrant/.m2/repository/org/springframework/spring-messaging/4.2.2.RELEASE/spring-messaging-4.2.2.RELEASE.jar
7f7e6af7a000-7f7e6af8b000 r--s 000c5000 08:01 1453359                    /home/vagrant/.m2/repository/org/springframework/spring-webmvc/4.2.2.RELEASE/spring-webmvc-4.2.2.RELEASE.jar
7f7e6af8b000-7f7e6af9c000 r--s 000ab000 08:01 1453358                    /home/vagrant/.m2/repository/org/springframework/spring-web/4.2.2.RELEASE/spring-web-4.2.2.RELEASE.jar
7f7e6af9c000-7f7e6afc1000 r--s 0028c000 08:01 1452241                    /home/vagrant/.m2/repository/org/apache/tomcat/embed/tomcat-embed-core/8.0.28/tomcat-embed-core-8.0.28.jar
7f7e6afc1000-7f7e6afc4000 r-xp 00000000 08:01 59190                      /lib/x86_64-linux-gnu/libnss_myhostname.so.2
7f7e6afc4000-7f7e6b1c3000 ---p 00003000 08:01 59190                      /lib/x86_64-linux-gnu/libnss_myhostname.so.2
7f7e6b1c3000-7f7e6b1c4000 r--p 00002000 08:01 59190                      /lib/x86_64-linux-gnu/libnss_myhostname.so.2
7f7e6b1c4000-7f7e6b1c5000 rw-p 00003000 08:01 59190                      /lib/x86_64-linux-gnu/libnss_myhostname.so.2
7f7e6b1c5000-7f7e6b1d6000 r-xp 00000000 08:01 409075                     /usr/lib/jvm/java-8-oracle/jre/lib/amd64/libnio.so
7f7e6b1d6000-7f7e6b3d5000 ---p 00011000 08:01 409075                     /usr/lib/jvm/java-8-oracle/jre/lib/amd64/libnio.so
7f7e6b3d5000-7f7e6b3d6000 rw-p 00010000 08:01 409075                     /usr/lib/jvm/java-8-oracle/jre/lib/amd64/libnio.so
7f7e6b3d6000-7f7e6b3ec000 r-xp 00000000 08:01 409073                     /usr/lib/jvm/java-8-oracle/jre/lib/amd64/libnet.so
7f7e6b3ec000-7f7e6b5ec000 ---p 00016000 08:01 409073                     /usr/lib/jvm/java-8-oracle/jre/lib/amd64/libnet.so
7f7e6b5ec000-7f7e6b5ed000 rw-p 00016000 08:01 409073                     /usr/lib/jvm/java-8-oracle/jre/lib/amd64/libnet.so
7f7e6b5ed000-7f7e6b5f6000 r-xp 00000000 08:01 409060                     /usr/lib/jvm/java-8-oracle/jre/lib/amd64/libmanagement.so
7f7e6b5f6000-7f7e6b7f5000 ---p 00009000 08:01 409060                     /usr/lib/jvm/java-8-oracle/jre/lib/amd64/libmanagement.so
7f7e6b7f5000-7f7e6b7f6000 rw-p 00008000 08:01 409060                     /usr/lib/jvm/java-8-oracle/jre/lib/amd64/libmanagement.so
7f7e6b7f6000-7f7e6b7f9000 ---p 00000000 00:00 0 
7f7e6b7f9000-7f7e6b8f7000 rw-p 00000000 00:00 0                          [stack:23492]
7f7e6b8f7000-7f7e6b8fa000 ---p 00000000 00:00 0 
7f7e6b8fa000-7f7e6b9f8000 rw-p 00000000 00:00 0                          [stack:23491]
7f7e6b9f8000-7f7e6b9fb000 ---p 00000000 00:00 0 
7f7e6b9fb000-7f7e6baf9000 rw-p 00000000 00:00 0                          [stack:23490]
7f7e6baf9000-7f7e6bafc000 ---p 00000000 00:00 0 
7f7e6bafc000-7f7e6bbfa000 rw-p 00000000 00:00 0                          [stack:23489]
7f7e6bbfa000-7f7e6bbfd000 ---p 00000000 00:00 0 
7f7e6bbfd000-7f7e6bcfb000 rw-p 00000000 00:00 0                          [stack:23487]
7f7e6bcfb000-7f7e6bcfe000 ---p 00000000 00:00 0 
7f7e6bcfe000-7f7e6bdfc000 rw-p 00000000 00:00 0                          [stack:23484]
7f7e6bdfc000-7f7e6be00000 r-xp 00000000 08:01 409068                     /usr/lib/jvm/java-8-oracle/jre/lib/amd64/libdt_socket.so
7f7e6be00000-7f7e6bfff000 ---p 00004000 08:01 409068                     /usr/lib/jvm/java-8-oracle/jre/lib/amd64/libdt_socket.so
7f7e6bfff000-7f7e6c000000 rw-p 00003000 08:01 409068                     /usr/lib/jvm/java-8-oracle/jre/lib/amd64/libdt_socket.so
7f7e6c000000-7f7e6c021000 rw-p 00000000 00:00 0 
7f7e6c021000-7f7e70000000 ---p 00000000 00:00 0 
7f7e70000000-7f7e70021000 rw-p 00000000 00:00 0 
7f7e70021000-7f7e74000000 ---p 00000000 00:00 0 
7f7e74000000-7f7e74042000 rw-p 00000000 00:00 0 
7f7e74042000-7f7e78000000 ---p 00000000 00:00 0 
7f7e78000000-7f7e782be000 rw-p 00000000 00:00 0 
7f7e782be000-7f7e7c000000 ---p 00000000 00:00 0 
7f7e7c000000-7f7e7c021000 rw-p 00000000 00:00 0 
7f7e7c021000-7f7e80000000 ---p 00000000 00:00 0 
7f7e80000000-7f7e80002000 r--s 0000e000 08:01 1452243                    /home/vagrant/.m2/repository/com/fasterxml/classmate/1.1.0/classmate-1.1.0.jar
7f7e80002000-7f7e80006000 r--s 0000c000 08:01 1451398                    /home/vagrant/.m2/repository/javax/validation/validation-api/1.1.0.Final/validation-api-1.1.0.Final.jar
7f7e80006000-7f7e80017000 r--s 0009a000 08:01 1452239                    /home/vagrant/.m2/repository/org/hibernate/hibernate-validator/5.2.2.Final/hibernate-validator-5.2.2.Final.jar
7f7e80017000-7f7e80018000 r--s 00000000 08:01 1452233                    /home/vagrant/.m2/repository/org/springframework/boot/spring-boot-starter-validation/1.3.0.RELEASE/spring-boot-starter-validation-1.3.0.RELEASE.jar
7f7e80018000-7f7e8001e000 r--s 00036000 08:01 1452224                    /home/vagrant/.m2/repository/org/apache/tomcat/embed/tomcat-embed-websocket/8.0.28/tomcat-embed-websocket-8.0.28.jar
7f7e8001e000-7f7e8001f000 r--s 00009000 08:01 1452219                    /home/vagrant/.m2/repository/org/apache/tomcat/embed/tomcat-embed-logging-juli/8.0.28/tomcat-embed-logging-juli-8.0.28.jar
7f7e8001f000-7f7e80024000 r--s 00036000 08:01 1452238                    /home/vagrant/.m2/repository/org/apache/tomcat/embed/tomcat-embed-el/8.0.28/tomcat-embed-el-8.0.28.jar
7f7e80024000-7f7e80029000 r--s 0003c000 08:01 1453365                    /home/vagrant/.m2/repository/org/springframework/spring-expression/4.2.2.RELEASE/spring-expression-4.2.2.RELEASE.jar
7f7e80029000-7f7e80042000 r--s 000f1000 08:01 1453357                    /home/vagrant/.m2/repository/org/springframework/spring-context/4.2.2.RELEASE/spring-context-4.2.2.RELEASE.jar
7f7e80042000-7f7e80053000 r--s 0010d000 08:01 1452209                    /home/vagrant/.m2/repository/com/fasterxml/jackson/core/jackson-databind/2.6.3/jackson-databind-2.6.3.jar
7f7e80053000-7f7e80060000 r--s 00060000 08:01 1453016                    /home/vagrant/.m2/repository/org/springframework/boot/spring-boot-actuator/1.3.0.RELEASE/spring-boot-actuator-1.3.0.RELEASE.jar
7f7e80060000-7f7e80077000 r--s 0009e000 08:01 1452211                    /home/vagrant/.m2/repository/org/springframework/boot/spring-boot-autoconfigure/1.3.0.RELEASE/spring-boot-autoconfigure-1.3.0.RELEASE.jar
7f7e80077000-7f7e80084000 r--s 00076000 08:01 1452204                    /home/vagrant/.m2/repository/org/springframework/boot/spring-boot/1.3.0.RELEASE/spring-boot-1.3.0.RELEASE.jar
7f7e80084000-7f7e80097000 r--s 000d6000 08:01 408911                     /usr/lib/jvm/java-8-oracle/jre/lib/plugin.jar
7f7e80097000-7f7e800b2000 r--s 0020b000 08:01 408908                     /usr/lib/jvm/java-8-oracle/jre/lib/deploy.jar
7f7e800b2000-7f7e800e3000 rw-p 00000000 00:00 0 
7f7e800e3000-7f7e800e6000 ---p 00000000 00:00 0 
7f7e800e6000-7f7e801e4000 rw-p 00000000 00:00 0                          [stack:23481]
7f7e801e4000-7f7e801e7000 ---p 00000000 00:00 0 
7f7e801e7000-7f7e802e5000 rw-p 00000000 00:00 0                          [stack:23471]
7f7e802e5000-7f7e802e8000 ---p 00000000 00:00 0 
7f7e802e8000-7f7e803e6000 rw-p 00000000 00:00 0                          [stack:23470]
7f7e803e6000-7f7e803e7000 ---p 00000000 00:00 0 
7f7e803e7000-7f7e80e11000 rw-p 00000000 00:00 0                          [stack:23469]
7f7e80e11000-7f7e80feb000 r--s 03d4d000 08:01 408925                     /usr/lib/jvm/java-8-oracle/jre/lib/rt.jar
7f7e80feb000-7f7e8419e000 rw-p 00000000 00:00 0 
7f7e8419e000-7f7e8419f000 ---p 00000000 00:00 0 
7f7e8419f000-7f7e8429f000 rw-p 00000000 00:00 0                          [stack:23466]
7f7e8429f000-7f7e842a0000 ---p 00000000 00:00 0 
7f7e842a0000-7f7e843c3000 rw-p 00000000 00:00 0                          [stack:23465]
7f7e843c3000-7f7e8453e000 ---p 00000000 00:00 0 
7f7e8453e000-7f7e845db000 rw-p 00000000 00:00 0 
7f7e845db000-7f7e8460d000 ---p 00000000 00:00 0 
7f7e8460d000-7f7e8463d000 rw-p 00000000 00:00 0 
7f7e8463d000-7f7e849ce000 ---p 00000000 00:00 0 
7f7e849ce000-7f7e8556e000 rwxp 00000000 00:00 0 
7f7e8556e000-7f7e939ce000 ---p 00000000 00:00 0 
7f7e939ce000-7f7e939e8000 r-xp 00000000 08:01 409083                     /usr/lib/jvm/java-8-oracle/jre/lib/amd64/libzip.so
7f7e939e8000-7f7e93be8000 ---p 0001a000 08:01 409083                     /usr/lib/jvm/java-8-oracle/jre/lib/amd64/libzip.so
7f7e93be8000-7f7e93be9000 rw-p 0001a000 08:01 409083                     /usr/lib/jvm/java-8-oracle/jre/lib/amd64/libzip.so
7f7e93be9000-7f7e93bf3000 r-xp 00000000 08:01 3069                       /lib/x86_64-linux-gnu/libnss_files-2.19.so
7f7e93bf3000-7f7e93df2000 ---p 0000a000 08:01 3069                       /lib/x86_64-linux-gnu/libnss_files-2.19.so
7f7e93df2000-7f7e93df3000 r--p 00009000 08:01 3069                       /lib/x86_64-linux-gnu/libnss_files-2.19.so
7f7e93df3000-7f7e93df4000 rw-p 0000a000 08:01 3069                       /lib/x86_64-linux-gnu/libnss_files-2.19.so
7f7e93df4000-7f7e93dff000 r-xp 00000000 08:01 2961                       /lib/x86_64-linux-gnu/libnss_nis-2.19.so
7f7e93dff000-7f7e93ffe000 ---p 0000b000 08:01 2961                       /lib/x86_64-linux-gnu/libnss_nis-2.19.so
7f7e93ffe000-7f7e93fff000 r--p 0000a000 08:01 2961                       /lib/x86_64-linux-gnu/libnss_nis-2.19.so
7f7e93fff000-7f7e94000000 rw-p 0000b000 08:01 2961                       /lib/x86_64-linux-gnu/libnss_nis-2.19.so
7f7e94000000-7f7e956f4000 rw-p 00000000 00:00 0 
7f7e956f4000-7f7e98000000 ---p 00000000 00:00 0 
7f7e98000000-7f7e98001000 r--s 00000000 08:01 1452207                    /home/vagrant/.m2/repository/org/springframework/boot/spring-boot-starter-tomcat/1.3.0.RELEASE/spring-boot-starter-tomcat-1.3.0.RELEASE.jar
7f7e98001000-7f7e98004000 r--s 00011000 08:01 1588616                    /home/vagrant/.m2/repository/org/springframework/cloud/spring-cloud-stream/1.0.0.M2/spring-cloud-stream-1.0.0.M2.jar
7f7e98004000-7f7e9800a000 r--s 0003c000 08:01 1452225                    /home/vagrant/.m2/repository/org/yaml/snakeyaml/1.16/snakeyaml-1.16.jar
7f7e9800a000-7f7e9807c000 rw-p 00000000 00:00 0 
7f7e9807c000-7f7e981f7000 ---p 00000000 00:00 0 
7f7e981f7000-7f7e9820e000 r-xp 00000000 08:01 2918                       /lib/x86_64-linux-gnu/libnsl-2.19.so
7f7e9820e000-7f7e9840d000 ---p 00017000 08:01 2918                       /lib/x86_64-linux-gnu/libnsl-2.19.so
7f7e9840d000-7f7e9840e000 r--p 00016000 08:01 2918                       /lib/x86_64-linux-gnu/libnsl-2.19.so
7f7e9840e000-7f7e9840f000 rw-p 00017000 08:01 2918                       /lib/x86_64-linux-gnu/libnsl-2.19.so
7f7e9840f000-7f7e98411000 rw-p 00000000 00:00 0 
7f7e98411000-7f7e9841a000 r-xp 00000000 08:01 2929                       /lib/x86_64-linux-gnu/libnss_compat-2.19.so
7f7e9841a000-7f7e98619000 ---p 00009000 08:01 2929                       /lib/x86_64-linux-gnu/libnss_compat-2.19.so
7f7e98619000-7f7e9861a000 r--p 00008000 08:01 2929                       /lib/x86_64-linux-gnu/libnss_compat-2.19.so
7f7e9861a000-7f7e9861b000 rw-p 00009000 08:01 2929                       /lib/x86_64-linux-gnu/libnss_compat-2.19.so
7f7e9861b000-7f7e987a4000 r--p 00000000 08:01 27011                      /usr/lib/locale/locale-archive
7f7e987a4000-7f7e987a6000 r-xp 00000000 08:01 409098                     /usr/lib/jvm/java-8-oracle/jre/lib/amd64/libnpt.so
7f7e987a6000-7f7e989a6000 ---p 00002000 08:01 409098                     /usr/lib/jvm/java-8-oracle/jre/lib/amd64/libnpt.so
7f7e989a6000-7f7e989a7000 rw-p 00002000 08:01 409098                     /usr/lib/jvm/java-8-oracle/jre/lib/amd64/libnpt.so
7f7e989a7000-7f7e989e0000 r-xp 00000000 08:01 409099                     /usr/lib/jvm/java-8-oracle/jre/lib/amd64/libjdwp.so
7f7e989e0000-7f7e98be0000 ---p 00039000 08:01 409099                     /usr/lib/jvm/java-8-oracle/jre/lib/amd64/libjdwp.so
7f7e98be0000-7f7e98be1000 rw-p 00039000 08:01 409099                     /usr/lib/jvm/java-8-oracle/jre/lib/amd64/libjdwp.so
7f7e98be1000-7f7e98be2000 rw-p 00000000 00:00 0 
7f7e98be2000-7f7e98c0d000 r-xp 00000000 08:01 409096                     /usr/lib/jvm/java-8-oracle/jre/lib/amd64/libjava.so
7f7e98c0d000-7f7e98e0c000 ---p 0002b000 08:01 409096                     /usr/lib/jvm/java-8-oracle/jre/lib/amd64/libjava.so
7f7e98e0c000-7f7e98e0e000 rw-p 0002a000 08:01 409096                     /usr/lib/jvm/java-8-oracle/jre/lib/amd64/libjava.so
7f7e98e0e000-7f7e98e1b000 r-xp 00000000 08:01 409092                     /usr/lib/jvm/java-8-oracle/jre/lib/amd64/libverify.so
7f7e98e1b000-7f7e9901b000 ---p 0000d000 08:01 409092                     /usr/lib/jvm/java-8-oracle/jre/lib/amd64/libverify.so
7f7e9901b000-7f7e9901d000 rw-p 0000d000 08:01 409092                     /usr/lib/jvm/java-8-oracle/jre/lib/amd64/libverify.so
7f7e9901d000-7f7e99024000 r-xp 00000000 08:01 2890                       /lib/x86_64-linux-gnu/librt-2.19.so
7f7e99024000-7f7e99223000 ---p 00007000 08:01 2890                       /lib/x86_64-linux-gnu/librt-2.19.so
7f7e99223000-7f7e99224000 r--p 00006000 08:01 2890                       /lib/x86_64-linux-gnu/librt-2.19.so
7f7e99224000-7f7e99225000 rw-p 00007000 08:01 2890                       /lib/x86_64-linux-gnu/librt-2.19.so
7f7e99225000-7f7e9932a000 r-xp 00000000 08:01 2984                       /lib/x86_64-linux-gnu/libm-2.19.so
7f7e9932a000-7f7e99529000 ---p 00105000 08:01 2984                       /lib/x86_64-linux-gnu/libm-2.19.so
7f7e99529000-7f7e9952a000 r--p 00104000 08:01 2984                       /lib/x86_64-linux-gnu/libm-2.19.so
7f7e9952a000-7f7e9952b000 rw-p 00105000 08:01 2984                       /lib/x86_64-linux-gnu/libm-2.19.so
7f7e9952b000-7f7e9a1fe000 r-xp 00000000 08:01 409088                     /usr/lib/jvm/java-8-oracle/jre/lib/amd64/server/libjvm.so
7f7e9a1fe000-7f7e9a3fd000 ---p 00cd3000 08:01 409088                     /usr/lib/jvm/java-8-oracle/jre/lib/amd64/server/libjvm.so
7f7e9a3fd000-7f7e9a4d7000 rw-p 00cd2000 08:01 409088                     /usr/lib/jvm/java-8-oracle/jre/lib/amd64/server/libjvm.so
7f7e9a4d7000-7f7e9a522000 rw-p 00000000 00:00 0 
7f7e9a522000-7f7e9a6e0000 r-xp 00000000 08:01 3068                       /lib/x86_64-linux-gnu/libc-2.19.so
7f7e9a6e0000-7f7e9a8e0000 ---p 001be000 08:01 3068                       /lib/x86_64-linux-gnu/libc-2.19.so
7f7e9a8e0000-7f7e9a8e4000 r--p 001be000 08:01 3068                       /lib/x86_64-linux-gnu/libc-2.19.so
7f7e9a8e4000-7f7e9a8e6000 rw-p 001c2000 08:01 3068                       /lib/x86_64-linux-gnu/libc-2.19.so
7f7e9a8e6000-7f7e9a8eb000 rw-p 00000000 00:00 0 
7f7e9a8eb000-7f7e9a8ee000 r-xp 00000000 08:01 2919                       /lib/x86_64-linux-gnu/libdl-2.19.so
7f7e9a8ee000-7f7e9aaed000 ---p 00003000 08:01 2919                       /lib/x86_64-linux-gnu/libdl-2.19.so
7f7e9aaed000-7f7e9aaee000 r--p 00002000 08:01 2919                       /lib/x86_64-linux-gnu/libdl-2.19.so
7f7e9aaee000-7f7e9aaef000 rw-p 00003000 08:01 2919                       /lib/x86_64-linux-gnu/libdl-2.19.so
7f7e9aaef000-7f7e9ab04000 r-xp 00000000 08:01 408210                     /usr/lib/jvm/java-8-oracle/lib/amd64/jli/libjli.so
7f7e9ab04000-7f7e9ad04000 ---p 00015000 08:01 408210                     /usr/lib/jvm/java-8-oracle/lib/amd64/jli/libjli.so
7f7e9ad04000-7f7e9ad05000 rw-p 00015000 08:01 408210                     /usr/lib/jvm/java-8-oracle/lib/amd64/jli/libjli.so
7f7e9ad05000-7f7e9ad1e000 r-xp 00000000 08:01 2964                       /lib/x86_64-linux-gnu/libpthread-2.19.so
7f7e9ad1e000-7f7e9af1d000 ---p 00019000 08:01 2964                       /lib/x86_64-linux-gnu/libpthread-2.19.so
7f7e9af1d000-7f7e9af1e000 r--p 00018000 08:01 2964                       /lib/x86_64-linux-gnu/libpthread-2.19.so
7f7e9af1e000-7f7e9af1f000 rw-p 00019000 08:01 2964                       /lib/x86_64-linux-gnu/libpthread-2.19.so
7f7e9af1f000-7f7e9af23000 rw-p 00000000 00:00 0 
7f7e9af23000-7f7e9af46000 r-xp 00000000 08:01 2874                       /lib/x86_64-linux-gnu/ld-2.19.so
7f7e9af46000-7f7e9af47000 r--s 00000000 08:01 1452200                    /home/vagrant/.m2/repository/org/springframework/boot/spring-boot-starter-web/1.3.0.RELEASE/spring-boot-starter-web-1.3.0.RELEASE.jar
7f7e9af47000-7f7e9af48000 r--s 00000000 08:01 1452236                    /home/vagrant/.m2/repository/org/springframework/boot/spring-boot-starter/1.3.0.RELEASE/spring-boot-starter-1.3.0.RELEASE.jar
7f7e9af48000-7f7e9af52000 r--s 0006c000 08:01 409140                     /usr/lib/jvm/java-8-oracle/jre/lib/javaws.jar
7f7e9af52000-7f7e9b030000 rw-p 00000000 00:00 0 
7f7e9b030000-7f7e9b033000 ---p 00000000 00:00 0 
7f7e9b033000-7f7e9b135000 rw-p 00000000 00:00 0                          [stack:23463]
7f7e9b135000-7f7e9b136000 r--s 00000000 08:01 1453014                    /home/vagrant/.m2/repository/org/springframework/boot/spring-boot-starter-actuator/1.3.0.RELEASE/spring-boot-starter-actuator-1.3.0.RELEASE.jar
7f7e9b136000-7f7e9b137000 r--s 00000000 08:01 409151                     /usr/lib/jvm/java-8-oracle/jre/lib/management-agent.jar
7f7e9b137000-7f7e9b139000 r--s 00007000 08:01 409231                     /usr/lib/jvm/java-8-oracle/jre/lib/jfxswt.jar
7f7e9b139000-7f7e9b141000 rw-s 00000000 08:01 800383                     /tmp/hsperfdata_vagrant/23460
7f7e9b141000-7f7e9b142000 rw-p 00000000 00:00 0 
7f7e9b142000-7f7e9b143000 ---p 00000000 00:00 0 
7f7e9b143000-7f7e9b145000 rw-p 00000000 00:00 0 
7f7e9b145000-7f7e9b146000 r--p 00022000 08:01 2874                       /lib/x86_64-linux-gnu/ld-2.19.so
7f7e9b146000-7f7e9b147000 rw-p 00023000 08:01 2874                       /lib/x86_64-linux-gnu/ld-2.19.so
7f7e9b147000-7f7e9b148000 rw-p 00000000 00:00 0 
7ffe2e09a000-7ffe2e0bf000 rw-p 00000000 00:00 0                          [stack]
7ffe2e1bb000-7ffe2e1bd000 r-xp 00000000 00:00 0                          [vdso]
ffffffffff600000-ffffffffff601000 r-xp 00000000 00:00 0                  [vsyscall]

VM Arguments:
jvm_args: -agentlib:jdwp=transport=dt_socket,address=127.0.0.1:52898,suspend=y,server=n -XX:TieredStopAtLevel=1 -Xverify:none -Dspring.output.ansi.enabled=always -Dcom.sun.management.jmxremote -Dcom.sun.management.jmxremote.port=53059 -Dcom.sun.management.jmxremote.authenticate=false -Dcom.sun.management.jmxremote.ssl=false -Dspring.liveBeansView.mbeanDomain -Dspring.application.admin.enabled=true -Dfile.encoding=UTF-8 
java_command: demo.FoodPaymentApplication
java_class_path (initial): /usr/lib/jvm/java-8-oracle/jre/lib/charsets.jar:/usr/lib/jvm/java-8-oracle/jre/lib/deploy.jar:/usr/lib/jvm/java-8-oracle/jre/lib/ext/cldrdata.jar:/usr/lib/jvm/java-8-oracle/jre/lib/ext/dnsns.jar:/usr/lib/jvm/java-8-oracle/jre/lib/ext/jaccess.jar:/usr/lib/jvm/java-8-oracle/jre/lib/ext/jfxrt.jar:/usr/lib/jvm/java-8-oracle/jre/lib/ext/localedata.jar:/usr/lib/jvm/java-8-oracle/jre/lib/ext/nashorn.jar:/usr/lib/jvm/java-8-oracle/jre/lib/ext/sunec.jar:/usr/lib/jvm/java-8-oracle/jre/lib/ext/sunjce_provider.jar:/usr/lib/jvm/java-8-oracle/jre/lib/ext/sunpkcs11.jar:/usr/lib/jvm/java-8-oracle/jre/lib/ext/zipfs.jar:/usr/lib/jvm/java-8-oracle/jre/lib/javaws.jar:/usr/lib/jvm/java-8-oracle/jre/lib/jce.jar:/usr/lib/jvm/java-8-oracle/jre/lib/jfr.jar:/usr/lib/jvm/java-8-oracle/jre/lib/jfxswt.jar:/usr/lib/jvm/java-8-oracle/jre/lib/jsse.jar:/usr/lib/jvm/java-8-oracle/jre/lib/management-agent.jar:/usr/lib/jvm/java-8-oracle/jre/lib/plugin.jar:/usr/lib/jvm/java-8-oracle/jre/lib/resources.jar:/usr/lib/jvm/java-8-oracle/jre/lib/rt.jar:/home/vagrant/workspace/food-transfer-service/food-payment-service/target/classes:/home/vagrant/.m2/repository/org/springframework/boot/spring-boot-starter-actuator/1.3.0.RELEASE/spring-boot-starter-actuator-1.3.0.RELEASE.jar:/home/vagrant/.m2/repository/org/springframework/boot/spring-boot-starter/1.3.0.RELEASE/spring-boot-starter-1.3.0.RELEASE.jar:/home/vagrant/.m2/repository/org/springframework/boot/spring-boot/1.3.0.RELEASE/spring-boot-1.3.0.RELEASE.jar:/home/vagrant/.m2/repository/org/springframework/boot/spring-boot-autoconfigure/1.3.0.RELEASE/spring-boot-autoconfigure-1.3.0.RELEASE.jar:/home/vagrant/.m2/repository/org/yaml/snakeyaml/1.16/snakeyaml-1.16.jar:/home/vagrant/.m2/repository/org/springframework/boot/spring-boot-actuator/1.3.0.RELEASE/spring-boot-actuator-1.3.0.RELEASE.jar:/home/vagrant/.m2/repository/com/fasterxml/jackson/core/jackson-databind/2.6.3/jackson-databind-2.6.3.jar:/home/vagrant/.m2/repository/org/springf
Launcher Type: SUN_STANDARD

Environment Variables:
JAVA_HOME=/usr/lib/jvm/java-8-oracle
PATH=/usr/local/sbin:/usr/local/bin:/usr/sbin:/usr/bin:/sbin:/bin:/usr/games:/usr/local/games:/usr/lib/jvm/java-8-oracle/bin:/usr/lib/jvm/java-8-oracle/db/bin:/usr/lib/jvm/java-8-oracle/jre/bin
LD_LIBRARY_PATH=/opt/idea-IU-172.4343.14/bin:
SHELL=/bin/zsh
DISPLAY=:0.0

Signal Handlers:
SIGSEGV: [libjvm.so+0xacba10], sa_mask[0]=11111111011111111101111111111110, sa_flags=SA_RESTART|SA_SIGINFO
SIGBUS: [libjvm.so+0xacba10], sa_mask[0]=11111111011111111101111111111110, sa_flags=SA_RESTART|SA_SIGINFO
SIGFPE: [libjvm.so+0x924ba0], sa_mask[0]=11111111011111111101111111111110, sa_flags=SA_RESTART|SA_SIGINFO
SIGPIPE: [libjvm.so+0x924ba0], sa_mask[0]=11111111011111111101111111111110, sa_flags=SA_RESTART|SA_SIGINFO
SIGXFSZ: [libjvm.so+0x924ba0], sa_mask[0]=11111111011111111101111111111110, sa_flags=SA_RESTART|SA_SIGINFO
SIGILL: [libjvm.so+0x924ba0], sa_mask[0]=11111111011111111101111111111110, sa_flags=SA_RESTART|SA_SIGINFO
SIGUSR1: SIG_DFL, sa_mask[0]=00000000000000000000000000000000, sa_flags=none
SIGUSR2: [libjvm.so+0x9263e0], sa_mask[0]=00100000000000000000000000000000, sa_flags=SA_RESTART|SA_SIGINFO
SIGHUP: [libjvm.so+0x9277e0], sa_mask[0]=11111111011111111101111111111110, sa_flags=SA_RESTART|SA_SIGINFO
SIGINT: [libjvm.so+0x9277e0], sa_mask[0]=11111111011111111101111111111110, sa_flags=SA_RESTART|SA_SIGINFO
SIGTERM: [libjvm.so+0x9277e0], sa_mask[0]=11111111011111111101111111111110, sa_flags=SA_RESTART|SA_SIGINFO
SIGQUIT: [libjvm.so+0x9277e0], sa_mask[0]=11111111011111111101111111111110, sa_flags=SA_RESTART|SA_SIGINFO


---------------  S Y S T E M  ---------------

OS:DISTRIB_ID=Ubuntu
DISTRIB_RELEASE=14.04
DISTRIB_CODENAME=trusty
DISTRIB_DESCRIPTION="Ubuntu 14.04.5 LTS"

uname:Linux 3.13.0-132-generic #181-Ubuntu SMP Wed Sep 13 13:25:03 UTC 2017 x86_64
libc:glibc 2.19 NPTL 2.19 
rlimit: STACK 8192k, CORE 0k, NPROC 39519, NOFILE 4096, AS infinity
load average:2.88 1.30 0.98

/proc/meminfo:
MemTotal:        5080364 kB
MemFree:           93920 kB
Buffers:              84 kB
Cached:            20036 kB
SwapCached:            0 kB
Active:          4828116 kB
Inactive:          18540 kB
Active(anon):    4827208 kB
Inactive(anon):    17380 kB
Active(file):        908 kB
Inactive(file):     1160 kB
Unevictable:           8 kB
Mlocked:               8 kB
SwapTotal:             0 kB
SwapFree:              0 kB
Dirty:                 0 kB
Writeback:             0 kB
AnonPages:       4826708 kB
Mapped:            15808 kB
Shmem:             17856 kB
Slab:              50832 kB
SReclaimable:      24160 kB
SUnreclaim:        26672 kB
KernelStack:        6280 kB
PageTables:        29284 kB
NFS_Unstable:          0 kB
Bounce:                0 kB
WritebackTmp:          0 kB
CommitLimit:     2540180 kB
Committed_AS:    7581648 kB
VmallocTotal:   34359738367 kB
VmallocUsed:       62384 kB
VmallocChunk:   34359670776 kB
HardwareCorrupted:     0 kB
AnonHugePages:   2891776 kB
HugePages_Total:       0
HugePages_Free:        0
HugePages_Rsvd:        0
HugePages_Surp:        0
Hugepagesize:       2048 kB
DirectMap4k:       71616 kB
DirectMap2M:     5171200 kB


CPU:total 2 (initial active 2) (2 cores per cpu, 1 threads per core) family 6 model 60 stepping 3, cmov, cx8, fxsr, mmx, sse, sse2, sse3, ssse3, sse4.1, sse4.2, popcnt, avx, aes, clmul, lzcnt, tsc, tscinvbit

/proc/cpuinfo:
processor	: 0
vendor_id	: GenuineIntel
cpu family	: 6
model		: 60
model name	: Intel(R) Core(TM) i5-4460  CPU @ 3.20GHz
stepping	: 3
cpu MHz		: 3192.592
cache size	: 6144 KB
physical id	: 0
siblings	: 2
core id		: 0
cpu cores	: 2
apicid		: 0
initial apicid	: 0
fpu		: yes
fpu_exception	: yes
cpuid level	: 13
wp		: yes
flags		: fpu vme de pse tsc msr pae mce cx8 apic sep mtrr pge mca cmov pat pse36 clflush mmx fxsr sse sse2 ht syscall nx rdtscp lm constant_tsc rep_good nopl xtopology nonstop_tsc pni pclmulqdq ssse3 cx16 sse4_1 sse4_2 movbe popcnt aes xsave avx rdrand lahf_lm abm
bogomips	: 6385.18
clflush size	: 64
cache_alignment	: 64
address sizes	: 39 bits physical, 48 bits virtual
power management:

processor	: 1
vendor_id	: GenuineIntel
cpu family	: 6
model		: 60
model name	: Intel(R) Core(TM) i5-4460  CPU @ 3.20GHz
stepping	: 3
cpu MHz		: 3192.592
cache size	: 6144 KB
physical id	: 0
siblings	: 2
core id		: 1
cpu cores	: 2
apicid		: 1
initial apicid	: 1
fpu		: yes
fpu_exception	: yes
cpuid level	: 13
wp		: yes
flags		: fpu vme de pse tsc msr pae mce cx8 apic sep mtrr pge mca cmov pat pse36 clflush mmx fxsr sse sse2 ht syscall nx rdtscp lm constant_tsc rep_good nopl xtopology nonstop_tsc pni pclmulqdq ssse3 cx16 sse4_1 sse4_2 movbe popcnt aes xsave avx rdrand lahf_lm abm
bogomips	: 6385.18
clflush size	: 64
cache_alignment	: 64
address sizes	: 39 bits physical, 48 bits virtual
power management:



Memory: 4k page, physical 5080364k(93032k free), swap 0k(0k free)

vm_info: Java HotSpot(TM) 64-Bit Server VM (25.144-b01) for linux-amd64 JRE (1.8.0_144-b01), built on Jul 21 2017 21:57:33 by "java_re" with gcc 4.3.0 20080428 (Red Hat 4.3.0-8)

time: Thu Nov  2 13:13:05 2017
elapsed time: 23 seconds (0d 0h 0m 23s)

