#
# There is insufficient memory for the Java Runtime Environment to continue.
# Native memory allocation (mmap) failed to map 12288 bytes for committing reserved memory.
# Possible reasons:
#   The system is out of physical RAM or swap space
#   In 32 bit mode, the process size limit was hit
# Possible solutions:
#   Reduce memory load on the system
#   Increase physical memory or swap space
#   Check if swap backing store is full
#   Use 64 bit Java on a 64 bit OS
#   Decrease Java heap size (-Xmx/-Xms)
#   Decrease number of Java threads
#   Decrease Java thread stack sizes (-Xss)
#   Set larger code cache with -XX:ReservedCodeCacheSize=
# This output file may be truncated or incomplete.
#
#  Out of Memory Error (os_linux.cpp:2640), pid=24075, tid=0x00007f174918e700
#
# JRE version: Java(TM) SE Runtime Environment (8.0_144-b01) (build 1.8.0_144-b01)
# Java VM: Java HotSpot(TM) 64-Bit Server VM (25.144-b01 mixed mode linux-amd64 compressed oops)
# Failed to write core dump. Core dumps have been disabled. To enable core dumping, try "ulimit -c unlimited" before starting Java again
#

---------------  T H R E A D  ---------------

Current thread (0x00007f175031e800):  JavaThread "JMX server connection timeout 579" daemon [_thread_new, id=25880, stack(0x00007f174908e000,0x00007f174918f000)]

Stack: [0x00007f174908e000,0x00007f174918f000],  sp=0x00007f174918da20,  free space=1022k
Native frames: (J=compiled Java code, j=interpreted, Vv=VM code, C=native code)
V  [libjvm.so+0xacb18a]  VMError::report_and_die()+0x2ba
V  [libjvm.so+0x4ff4db]  report_vm_out_of_memory(char const*, int, unsigned long, VMErrorType, char const*)+0x8b
V  [libjvm.so+0x927d23]  os::Linux::commit_memory_impl(char*, unsigned long, bool)+0x103
V  [libjvm.so+0x927dec]  os::pd_commit_memory(char*, unsigned long, bool)+0xc
V  [libjvm.so+0x9217ba]  os::commit_memory(char*, unsigned long, bool)+0x2a
V  [libjvm.so+0x9261df]  os::pd_create_stack_guard_pages(char*, unsigned long)+0x7f
V  [libjvm.so+0xa6ffce]  JavaThread::create_stack_guard_pages()+0x5e
V  [libjvm.so+0xa797b4]  JavaThread::run()+0x34
V  [libjvm.so+0x92a338]  java_start(Thread*)+0x108
C  [libpthread.so.0+0x8184]  start_thread+0xc4


---------------  P R O C E S S  ---------------

Java Threads: ( => current thread )
=>0x00007f175031e800 JavaThread "JMX server connection timeout 579" daemon [_thread_new, id=25880, stack(0x00007f174908e000,0x00007f174918f000)]
  0x00007f176c02e800 JavaThread "pool-4-thread-1" [_thread_in_native, id=24359, stack(0x00007f174a626000,0x00007f174a727000)]
  0x00007f1764007800 JavaThread "pool-5-thread-1" [_thread_in_native, id=24358, stack(0x00007f174a93f000,0x00007f174aa40000)]
  0x00007f178c013800 JavaThread "DestroyJavaVM" [_thread_blocked, id=24077, stack(0x00007f1793808000,0x00007f1793909000)]
  0x00007f178d12d000 JavaThread "HystrixMetricPoller" [_thread_blocked, id=24206, stack(0x00007f173fafd000,0x00007f173fbfe000)]
  0x00000000009c7000 JavaThread "ServoPollScheduler-1" daemon [_thread_blocked, id=24197, stack(0x00007f173fbfe000,0x00007f173fcff000)]
  0x00000000009c5000 JavaThread "ServoMonitorGetValueLimiter-0" daemon [_thread_blocked, id=24196, stack(0x00007f173fcff000,0x00007f173fe00000)]
  0x00007f178d0dd800 JavaThread "ServoPollScheduler-0" daemon [_thread_blocked, id=24195, stack(0x00007f1748014000,0x00007f1748115000)]
  0x00007f178cfc0000 JavaThread "DiscoveryClient-InstanceInfoReplicator-0" daemon [_thread_blocked, id=24186, stack(0x00007f1748315000,0x00007f1748416000)]
  0x00007f178cfbe000 JavaThread "DiscoveryClient-2" daemon [_thread_blocked, id=24185, stack(0x00007f1748416000,0x00007f1748517000)]
  0x00007f178cfb9800 JavaThread "DiscoveryClient-1" daemon [_thread_blocked, id=24184, stack(0x00007f1748517000,0x00007f1748618000)]
  0x00007f178cf78000 JavaThread "Eureka-JerseyClient-Conn-Cleaner2" daemon [_thread_blocked, id=24181, stack(0x00007f1748c8c000,0x00007f1748d8d000)]
  0x00007f178ce8f000 JavaThread "DiscoveryClient-0" daemon [_thread_blocked, id=24176, stack(0x00007f1748f8d000,0x00007f174908e000)]
  0x00007f174c1c9800 JavaThread "MongoCleaner252614375" daemon [_thread_blocked, id=24158, stack(0x00007f1749490000,0x00007f1749591000)]
  0x00007f174c1c8800 JavaThread "cluster-1-localhost:27017" daemon [_thread_blocked, id=24157, stack(0x00007f174aa40000,0x00007f174ab41000)]
  0x00007f1740010000 JavaThread "RMI TCP Connection(2)-10.0.2.15" daemon [_thread_in_native, id=24108, stack(0x00007f174ab67000,0x00007f174ac68000)]
  0x00007f1740005000 JavaThread "RMI Scheduler(0)" daemon [_thread_blocked, id=24107, stack(0x00007f174ac68000,0x00007f174ad69000)]
  0x00007f1738001800 JavaThread "RMI TCP Connection(1)-127.0.0.1" daemon [_thread_in_native, id=24105, stack(0x00007f174ad69000,0x00007f174ae6a000)]
  0x00007f178c770800 JavaThread "RMI TCP Accept-0" daemon [_thread_in_native, id=24103, stack(0x00007f174b16b000,0x00007f174b26c000)]
  0x00007f178c75f000 JavaThread "RMI TCP Accept-53569" daemon [_thread_in_native, id=24102, stack(0x00007f174b26c000,0x00007f174b36d000)]
  0x00007f178c748800 JavaThread "RMI TCP Accept-0" daemon [_thread_in_native, id=24101, stack(0x00007f174b36d000,0x00007f174b46e000)]
  0x00007f178c0ea000 JavaThread "Service Thread" daemon [_thread_blocked, id=24099, stack(0x00007f17780ae000,0x00007f17781af000)]
  0x00007f178c0d4000 JavaThread "C1 CompilerThread1" daemon [_thread_blocked, id=24098, stack(0x00007f17781af000,0x00007f17782b0000)]
  0x00007f178c0d1800 JavaThread "C2 CompilerThread0" daemon [_thread_blocked, id=24097, stack(0x00007f17782b0000,0x00007f17783b1000)]
  0x00007f1754001000 JavaThread "JDWP Command Reader" daemon [_thread_in_native, id=24087, stack(0x00007f17783b1000,0x00007f17784b2000)]
  0x00007f178c0cf000 JavaThread "JDWP Event Helper Thread" daemon [_thread_blocked, id=24086, stack(0x00007f17784b2000,0x00007f17785b3000)]
  0x00007f178c0cb800 JavaThread "JDWP Transport Listener: dt_socket" daemon [_thread_blocked, id=24085, stack(0x00007f17785b3000,0x00007f17786b4000)]
  0x00007f178c0bc000 JavaThread "Signal Dispatcher" daemon [_thread_blocked, id=24084, stack(0x00007f17788b8000,0x00007f17789b9000)]
  0x00007f178c089800 JavaThread "Finalizer" daemon [_thread_blocked, id=24083, stack(0x00007f17789b9000,0x00007f1778aba000)]
  0x00007f178c085000 JavaThread "Reference Handler" daemon [_thread_blocked, id=24082, stack(0x00007f1778aba000,0x00007f1778bbb000)]

Other Threads:
  0x00007f178c07d000 VMThread [stack: 0x00007f1778bbb000,0x00007f1778cbc000] [id=24081]
  0x00007f178c773800 WatcherThread [stack: 0x00007f174b06a000,0x00007f174b16b000] [id=24104]

VM state:not at safepoint (normal execution)

VM Mutex/Monitor currently owned by a thread: None

Heap:
 PSYoungGen      total 371200K, used 267297K [0x00000000e6200000, 0x0000000100000000, 0x0000000100000000)
  eden space 351232K, 74% used [0x00000000e6200000,0x00000000f620a870,0x00000000fb900000)
  from space 19968K, 25% used [0x00000000fb900000,0x00000000fbdfddb0,0x00000000fcc80000)
  to   space 19456K, 0% used [0x00000000fed00000,0x00000000fed00000,0x0000000100000000)
 ParOldGen       total 74752K, used 47153K [0x00000000b2600000, 0x00000000b6f00000, 0x00000000e6200000)
  object space 74752K, 63% used [0x00000000b2600000,0x00000000b540c748,0x00000000b6f00000)
 Metaspace       used 45745K, capacity 46598K, committed 46808K, reserved 1089536K
  class space    used 5898K, capacity 6091K, committed 6104K, reserved 1048576K

Card table byte_map: [0x00007f179012f000,0x00007f179039d000] byte_map_base: 0x00007f178fb9c000

Marking Bits: (ParMarkBitMap*) 0x00007f1792cccdc0
 Begin Bits: [0x00007f177a2d1000, 0x00007f177b639000)
 End Bits:   [0x00007f177b639000, 0x00007f177c9a1000)

Polling page: 0x00007f179391a000

CodeCache: size=245760Kb used=13643Kb max_used=13643Kb free=232117Kb
 bounds [0x00007f177d000000, 0x00007f177dd60000, 0x00007f178c000000]
 total_blobs=6749 nmethods=6035 adapters=635
 compilation: enabled

Compilation events (10 events):
Event: 266.815 Thread 0x00007f178c0d4000 6152       1       javax.management.remote.rmi.RMIConnectionImpl$PrivilegedOperation::<init> (20 bytes)
Event: 266.817 Thread 0x00007f178c0d4000 nmethod 6152 0x00007f177dd4f250 code [0x00007f177dd4f3a0, 0x00007f177dd4f4d0]
Event: 266.817 Thread 0x00007f178c0d4000 6153       1       javax.management.remote.rmi.RMIConnectionImpl$PrivilegedOperation::run (16 bytes)
Event: 266.818 Thread 0x00007f178c0d4000 nmethod 6153 0x00007f177dd4f550 code [0x00007f177dd4f6c0, 0x00007f177dd4f828]
Event: 266.818 Thread 0x00007f178c0d4000 6154       1       javax.management.remote.rmi.RMIConnectionImpl::access$300 (7 bytes)
Event: 266.818 Thread 0x00007f178c0d4000 nmethod 6154 0x00007f177dd4f910 code [0x00007f177dd4fa80, 0x00007f177dd4fba8]
Event: 267.286 Thread 0x00007f178c0d4000 6155   !   1       com.mongodb.DBApiLayer::cleanCursors (288 bytes)
Event: 267.293 Thread 0x00007f178c0d4000 nmethod 6155 0x00007f177dd4fc50 code [0x00007f177dd4ffc0, 0x00007f177dd50f08]
Event: 271.254 Thread 0x00007f178c0d4000 6156       1       sun.security.provider.SHA::implDigest (96 bytes)
Event: 271.256 Thread 0x00007f178c0d4000 nmethod 6156 0x00007f177dd52190 code [0x00007f177dd52320, 0x00007f177dd52588]

GC Heap History (10 events):
Event: 13.599 GC heap before
{Heap before GC invocations=13 (full 1):
 PSYoungGen      total 209408K, used 197964K [0x00000000e6200000, 0x00000000f8a80000, 0x0000000100000000)
  eden space 196096K, 96% used [0x00000000e6200000,0x00000000f1a629f0,0x00000000f2180000)
  from space 13312K, 68% used [0x00000000f2180000,0x00000000f2a70668,0x00000000f2e80000)
  to   space 13824K, 0% used [0x00000000f7d00000,0x00000000f7d00000,0x00000000f8a80000)
 ParOldGen       total 46080K, used 25895K [0x00000000b2600000, 0x00000000b5300000, 0x00000000e6200000)
  object space 46080K, 56% used [0x00000000b2600000,0x00000000b3f49de0,0x00000000b5300000)
 Metaspace       used 34832K, capacity 35262K, committed 35416K, reserved 1079296K
  class space    used 4533K, capacity 4635K, committed 4696K, reserved 1048576K
Event: 13.621 GC heap after
Heap after GC invocations=13 (full 1):
 PSYoungGen      total 283136K, used 10878K [0x00000000e6200000, 0x00000000f8800000, 0x0000000100000000)
  eden space 271872K, 0% used [0x00000000e6200000,0x00000000e6200000,0x00000000f6b80000)
  from space 11264K, 96% used [0x00000000f7d00000,0x00000000f879f860,0x00000000f8800000)
  to   space 14336K, 0% used [0x00000000f6c00000,0x00000000f6c00000,0x00000000f7a00000)
 ParOldGen       total 46080K, used 28549K [0x00000000b2600000, 0x00000000b5300000, 0x00000000e6200000)
  object space 46080K, 61% used [0x00000000b2600000,0x00000000b41e16f0,0x00000000b5300000)
 Metaspace       used 34832K, capacity 35262K, committed 35416K, reserved 1079296K
  class space    used 4533K, capacity 4635K, committed 4696K, reserved 1048576K
}
Event: 13.621 GC heap before
{Heap before GC invocations=14 (full 2):
 PSYoungGen      total 283136K, used 10878K [0x00000000e6200000, 0x00000000f8800000, 0x0000000100000000)
  eden space 271872K, 0% used [0x00000000e6200000,0x00000000e6200000,0x00000000f6b80000)
  from space 11264K, 96% used [0x00000000f7d00000,0x00000000f879f860,0x00000000f8800000)
  to   space 14336K, 0% used [0x00000000f6c00000,0x00000000f6c00000,0x00000000f7a00000)
 ParOldGen       total 46080K, used 28549K [0x00000000b2600000, 0x00000000b5300000, 0x00000000e6200000)
  object space 46080K, 61% used [0x00000000b2600000,0x00000000b41e16f0,0x00000000b5300000)
 Metaspace       used 34832K, capacity 35262K, committed 35416K, reserved 1079296K
  class space    used 4533K, capacity 4635K, committed 4696K, reserved 1048576K
Event: 13.827 GC heap after
Heap after GC invocations=14 (full 2):
 PSYoungGen      total 283136K, used 0K [0x00000000e6200000, 0x00000000f8800000, 0x0000000100000000)
  eden space 271872K, 0% used [0x00000000e6200000,0x00000000e6200000,0x00000000f6b80000)
  from space 11264K, 0% used [0x00000000f7d00000,0x00000000f7d00000,0x00000000f8800000)
  to   space 14336K, 0% used [0x00000000f6c00000,0x00000000f6c00000,0x00000000f7a00000)
 ParOldGen       total 74752K, used 28954K [0x00000000b2600000, 0x00000000b6f00000, 0x00000000e6200000)
  object space 74752K, 38% used [0x00000000b2600000,0x00000000b4246b60,0x00000000b6f00000)
 Metaspace       used 34832K, capacity 35262K, committed 35416K, reserved 1079296K
  class space    used 4533K, capacity 4635K, committed 4696K, reserved 1048576K
}
Event: 16.761 GC heap before
{Heap before GC invocations=15 (full 2):
 PSYoungGen      total 283136K, used 271872K [0x00000000e6200000, 0x00000000f8800000, 0x0000000100000000)
  eden space 271872K, 100% used [0x00000000e6200000,0x00000000f6b80000,0x00000000f6b80000)
  from space 11264K, 0% used [0x00000000f7d00000,0x00000000f7d00000,0x00000000f8800000)
  to   space 14336K, 0% used [0x00000000f6c00000,0x00000000f6c00000,0x00000000f7a00000)
 ParOldGen       total 74752K, used 28954K [0x00000000b2600000, 0x00000000b6f00000, 0x00000000e6200000)
  object space 74752K, 38% used [0x00000000b2600000,0x00000000b4246b60,0x00000000b6f00000)
 Metaspace       used 40515K, capacity 41116K, committed 41432K, reserved 1085440K
  class space    used 5326K, capacity 5497K, committed 5592K, reserved 1048576K
Event: 16.803 GC heap after
Heap after GC invocations=15 (full 2):
 PSYoungGen      total 286720K, used 14306K [0x00000000e6200000, 0x00000000fdf00000, 0x0000000100000000)
  eden space 272384K, 0% used [0x00000000e6200000,0x00000000e6200000,0x00000000f6c00000)
  from space 14336K, 99% used [0x00000000f6c00000,0x00000000f79f8b18,0x00000000f7a00000)
  to   space 18944K, 0% used [0x00000000fcc80000,0x00000000fcc80000,0x00000000fdf00000)
 ParOldGen       total 74752K, used 35250K [0x00000000b2600000, 0x00000000b6f00000, 0x00000000e6200000)
  object space 74752K, 47% used [0x00000000b2600000,0x00000000b486c8d0,0x00000000b6f00000)
 Metaspace       used 40515K, capacity 41116K, committed 41432K, reserved 1085440K
  class space    used 5326K, capacity 5497K, committed 5592K, reserved 1048576K
}
Event: 18.819 GC heap before
{Heap before GC invocations=16 (full 2):
 PSYoungGen      total 286720K, used 286690K [0x00000000e6200000, 0x00000000fdf00000, 0x0000000100000000)
  eden space 272384K, 100% used [0x00000000e6200000,0x00000000f6c00000,0x00000000f6c00000)
  from space 14336K, 99% used [0x00000000f6c00000,0x00000000f79f8b18,0x00000000f7a00000)
  to   space 18944K, 0% used [0x00000000fcc80000,0x00000000fcc80000,0x00000000fdf00000)
 ParOldGen       total 74752K, used 35250K [0x00000000b2600000, 0x00000000b6f00000, 0x00000000e6200000)
  object space 74752K, 47% used [0x00000000b2600000,0x00000000b486c8d0,0x00000000b6f00000)
 Metaspace       used 43251K, capacity 43976K, committed 44248K, reserved 1087488K
  class space    used 5606K, capacity 5781K, committed 5848K, reserved 1048576K
Event: 18.868 GC heap after
Heap after GC invocations=16 (full 2):
 PSYoungGen      total 370176K, used 14445K [0x00000000e6200000, 0x00000000fe580000, 0x0000000100000000)
  eden space 351232K, 0% used [0x00000000e6200000,0x00000000e6200000,0x00000000fb900000)
  from space 18944K, 76% used [0x00000000fcc80000,0x00000000fda9b4c8,0x00000000fdf00000)
  to   space 19968K, 0% used [0x00000000fb900000,0x00000000fb900000,0x00000000fcc80000)
 ParOldGen       total 74752K, used 41550K [0x00000000b2600000, 0x00000000b6f00000, 0x00000000e6200000)
  object space 74752K, 55% used [0x00000000b2600000,0x00000000b4e93898,0x00000000b6f00000)
 Metaspace       used 43251K, capacity 43976K, committed 44248K, reserved 1087488K
  class space    used 5606K, capacity 5781K, committed 5848K, reserved 1048576K
}
Event: 114.335 GC heap before
{Heap before GC invocations=17 (full 2):
 PSYoungGen      total 370176K, used 365677K [0x00000000e6200000, 0x00000000fe580000, 0x0000000100000000)
  eden space 351232K, 100% used [0x00000000e6200000,0x00000000fb900000,0x00000000fb900000)
  from space 18944K, 76% used [0x00000000fcc80000,0x00000000fda9b4c8,0x00000000fdf00000)
  to   space 19968K, 0% used [0x00000000fb900000,0x00000000fb900000,0x00000000fcc80000)
 ParOldGen       total 74752K, used 41550K [0x00000000b2600000, 0x00000000b6f00000, 0x00000000e6200000)
  object space 74752K, 55% used [0x00000000b2600000,0x00000000b4e93898,0x00000000b6f00000)
 Metaspace       used 45678K, capacity 46510K, committed 46552K, reserved 1089536K
  class space    used 5895K, capacity 6087K, committed 6104K, reserved 1048576K
Event: 114.373 GC heap after
Heap after GC invocations=17 (full 2):
 PSYoungGen      total 371200K, used 5111K [0x00000000e6200000, 0x0000000100000000, 0x0000000100000000)
  eden space 351232K, 0% used [0x00000000e6200000,0x00000000e6200000,0x00000000fb900000)
  from space 19968K, 25% used [0x00000000fb900000,0x00000000fbdfddb0,0x00000000fcc80000)
  to   space 19456K, 0% used [0x00000000fed00000,0x00000000fed00000,0x0000000100000000)
 ParOldGen       total 74752K, used 47153K [0x00000000b2600000, 0x00000000b6f00000, 0x00000000e6200000)
  object space 74752K, 63% used [0x00000000b2600000,0x00000000b540c748,0x00000000b6f00000)
 Metaspace       used 45678K, capacity 46510K, committed 46552K, reserved 1089536K
  class space    used 5895K, capacity 6087K, committed 6104K, reserved 1048576K
}

Deoptimization events (0 events):
No events

Internal exceptions (10 events):
Event: 135.710 Thread 0x00007f1764007800 Exception <a 'java/net/SocketTimeoutException': Read timed out> (0x00000000e86d3948) thrown at [/HUDSON3/workspace/8-2-build-linux-amd64/jdk8u144/9417/hotspot/src/share/vm/prims/jni.cpp, line 735]
Event: 135.745 Thread 0x00007f176c02e800 Exception <a 'java/net/SocketTimeoutException': Read timed out> (0x00000000e8805508) thrown at [/HUDSON3/workspace/8-2-build-linux-amd64/jdk8u144/9417/hotspot/src/share/vm/prims/jni.cpp, line 735]
Event: 165.723 Thread 0x00007f1764007800 Exception <a 'java/net/SocketTimeoutException': Read timed out> (0x00000000e86e5230) thrown at [/HUDSON3/workspace/8-2-build-linux-amd64/jdk8u144/9417/hotspot/src/share/vm/prims/jni.cpp, line 735]
Event: 165.752 Thread 0x00007f176c02e800 Exception <a 'java/net/SocketTimeoutException': Read timed out> (0x00000000e880f730) thrown at [/HUDSON3/workspace/8-2-build-linux-amd64/jdk8u144/9417/hotspot/src/share/vm/prims/jni.cpp, line 735]
Event: 195.733 Thread 0x00007f1764007800 Exception <a 'java/net/SocketTimeoutException': Read timed out> (0x00000000e86f5098) thrown at [/HUDSON3/workspace/8-2-build-linux-amd64/jdk8u144/9417/hotspot/src/share/vm/prims/jni.cpp, line 735]
Event: 195.758 Thread 0x00007f176c02e800 Exception <a 'java/net/SocketTimeoutException': Read timed out> (0x00000000e8819958) thrown at [/HUDSON3/workspace/8-2-build-linux-amd64/jdk8u144/9417/hotspot/src/share/vm/prims/jni.cpp, line 735]
Event: 225.747 Thread 0x00007f1764007800 Exception <a 'java/net/SocketTimeoutException': Read timed out> (0x00000000e8704f00) thrown at [/HUDSON3/workspace/8-2-build-linux-amd64/jdk8u144/9417/hotspot/src/share/vm/prims/jni.cpp, line 735]
Event: 225.767 Thread 0x00007f176c02e800 Exception <a 'java/net/SocketTimeoutException': Read timed out> (0x00000000e8823b80) thrown at [/HUDSON3/workspace/8-2-build-linux-amd64/jdk8u144/9417/hotspot/src/share/vm/prims/jni.cpp, line 735]
Event: 256.271 Thread 0x00007f176c02e800 Exception <a 'java/net/SocketTimeoutException': Read timed out> (0x00000000e8847ed0) thrown at [/HUDSON3/workspace/8-2-build-linux-amd64/jdk8u144/9417/hotspot/src/share/vm/prims/jni.cpp, line 735]
Event: 256.316 Thread 0x00007f1764007800 Exception <a 'java/net/SocketTimeoutException': Read timed out> (0x00000000e87252e8) thrown at [/HUDSON3/workspace/8-2-build-linux-amd64/jdk8u144/9417/hotspot/src/share/vm/prims/jni.cpp, line 735]

Events (10 events):
Event: 281.679 Thread 0x00007f17504da000 Thread exited: 0x00007f17504da000
Event: 282.276 Thread 0x00007f17506c2800 Thread added: 0x00007f17506c2800
Event: 282.307 Thread 0x00007f17506c2800 Thread exited: 0x00007f17506c2800
Event: 283.062 Thread 0x00007f1750301000 Thread added: 0x00007f1750301000
Event: 283.070 Thread 0x00007f1750301000 Thread exited: 0x00007f1750301000
Event: 284.070 Thread 0x00007f17503be800 Thread added: 0x00007f17503be800
Event: 284.636 Thread 0x00007f17503be800 Thread exited: 0x00007f17503be800
Event: 285.166 Thread 0x00007f175042a000 Thread added: 0x00007f175042a000
Event: 285.184 Thread 0x00007f175042a000 Thread exited: 0x00007f175042a000
Event: 286.075 Thread 0x00007f175031e800 Thread added: 0x00007f175031e800


Dynamic libraries:
00400000-00401000 r-xp 00000000 08:01 409287                             /usr/lib/jvm/java-8-oracle/bin/java
00600000-00601000 rw-p 00000000 08:01 409287                             /usr/lib/jvm/java-8-oracle/bin/java
009b7000-009d8000 rw-p 00000000 00:00 0                                  [heap]
b2600000-b6f00000 rw-p 00000000 00:00 0 
b6f00000-e6200000 ---p 00000000 00:00 0 
e6200000-100000000 rw-p 00000000 00:00 0 
100000000-1005f6000 rw-p 00000000 00:00 0 
1005f6000-140000000 ---p 00000000 00:00 0 
7f1738000000-7f1738021000 rw-p 00000000 00:00 0 
7f1738021000-7f173c000000 ---p 00000000 00:00 0 
7f173f7fc000-7f173f9bc000 rw-p 00000000 00:00 0 
7f173f9bc000-7f173f9ff000 ---p 00000000 00:00 0 
7f173f9ff000-7f173fafd000 rw-p 00000000 00:00 0 
7f173fafd000-7f173fb00000 ---p 00000000 00:00 0 
7f173fb00000-7f173fbfe000 rw-p 00000000 00:00 0                          [stack:24206]
7f173fbfe000-7f173fc01000 ---p 00000000 00:00 0 
7f173fc01000-7f173fcff000 rw-p 00000000 00:00 0                          [stack:24197]
7f173fcff000-7f173fd02000 ---p 00000000 00:00 0 
7f173fd02000-7f1740000000 rw-p 00000000 00:00 0                          [stack:24196]
7f1740000000-7f1740021000 rw-p 00000000 00:00 0 
7f1740021000-7f1744000000 ---p 00000000 00:00 0 
7f1744000000-7f1744021000 rw-p 00000000 00:00 0 
7f1744021000-7f1748000000 ---p 00000000 00:00 0 
7f1748014000-7f1748017000 ---p 00000000 00:00 0 
7f1748017000-7f1748315000 rw-p 00000000 00:00 0                          [stack:24195]
7f1748315000-7f1748318000 ---p 00000000 00:00 0 
7f1748318000-7f1748416000 rw-p 00000000 00:00 0                          [stack:24186]
7f1748416000-7f1748419000 ---p 00000000 00:00 0 
7f1748419000-7f1748517000 rw-p 00000000 00:00 0                          [stack:24185]
7f1748517000-7f174851a000 ---p 00000000 00:00 0 
7f174851a000-7f1748818000 rw-p 00000000 00:00 0                          [stack:24184]
7f1748818000-7f174882e000 r-xp 00000000 08:01 2896                       /lib/x86_64-linux-gnu/libgcc_s.so.1
7f174882e000-7f1748a2d000 ---p 00016000 08:01 2896                       /lib/x86_64-linux-gnu/libgcc_s.so.1
7f1748a2d000-7f1748a2e000 rw-p 00015000 08:01 2896                       /lib/x86_64-linux-gnu/libgcc_s.so.1
7f1748a3c000-7f1748a6e000 r-xp 00000000 08:01 409064                     /usr/lib/jvm/java-8-oracle/jre/lib/amd64/libsunec.so
7f1748a6e000-7f1748c6d000 ---p 00032000 08:01 409064                     /usr/lib/jvm/java-8-oracle/jre/lib/amd64/libsunec.so
7f1748c6d000-7f1748c73000 rw-p 00031000 08:01 409064                     /usr/lib/jvm/java-8-oracle/jre/lib/amd64/libsunec.so
7f1748c73000-7f1748c83000 rw-p 00000000 00:00 0 
7f1748c83000-7f1748c85000 r--s 00009000 08:01 408939                     /usr/lib/jvm/java-8-oracle/jre/lib/ext/sunec.jar
7f1748c85000-7f1748c89000 r--s 0003a000 08:01 408938                     /usr/lib/jvm/java-8-oracle/jre/lib/ext/sunpkcs11.jar
7f1748c89000-7f1748c8c000 r--s 0001a000 08:01 409232                     /usr/lib/jvm/java-8-oracle/jre/lib/jce.jar
7f1748c8c000-7f1748c8f000 ---p 00000000 00:00 0 
7f1748c8f000-7f1748f8d000 rw-p 00000000 00:00 0                          [stack:24181]
7f1748f8d000-7f1748f90000 ---p 00000000 00:00 0 
7f1748f90000-7f174908e000 rw-p 00000000 00:00 0                          [stack:24176]
7f1749091000-7f174938f000 rw-p 00000000 00:00 0                          [stack:25880]
7f174938f000-7f1749392000 ---p 00000000 00:00 0 
7f1749392000-7f1749490000 rw-p 00000000 00:00 0 
7f1749490000-7f1749493000 ---p 00000000 00:00 0 
7f1749493000-7f1749791000 rw-p 00000000 00:00 0                          [stack:24158]
7f1749791000-7f1749991000 rw-p 00000000 00:00 0 
7f1749991000-7f1749b91000 rw-p 00000000 00:00 0 
7f1749b91000-7f1749d91000 rw-p 00000000 00:00 0 
7f1749d91000-7f1749f91000 rw-p 00000000 00:00 0 
7f1749f91000-7f174a191000 rw-p 00000000 00:00 0 
7f174a191000-7f174a226000 r--s 01110000 08:01 408935                     /usr/lib/jvm/java-8-oracle/jre/lib/ext/jfxrt.jar
7f174a226000-7f174a426000 rw-p 00000000 00:00 0 
7f174a426000-7f174a626000 rw-p 00000000 00:00 0 
7f174a626000-7f174a629000 ---p 00000000 00:00 0 
7f174a629000-7f174a727000 rw-p 00000000 00:00 0                          [stack:24359]
7f174a727000-7f174a73a000 r--s 00345000 08:01 409149                     /usr/lib/jvm/java-8-oracle/jre/lib/resources.jar
7f174a73a000-7f174a93a000 rw-p 00000000 00:00 0 
7f174a93a000-7f174a93f000 r--s 002f9000 08:01 408926                     /usr/lib/jvm/java-8-oracle/jre/lib/charsets.jar
7f174a93f000-7f174a942000 ---p 00000000 00:00 0 
7f174a942000-7f174aa40000 rw-p 00000000 00:00 0                          [stack:24358]
7f174aa40000-7f174aa43000 ---p 00000000 00:00 0 
7f174aa43000-7f174ab41000 rw-p 00000000 00:00 0                          [stack:24157]
7f174ab41000-7f174ab4b000 r--s 00116000 08:01 408941                     /usr/lib/jvm/java-8-oracle/jre/lib/ext/localedata.jar
7f174ab4b000-7f174ab67000 r--s 00393000 08:01 408933                     /usr/lib/jvm/java-8-oracle/jre/lib/ext/cldrdata.jar
7f174ab67000-7f174ab6a000 ---p 00000000 00:00 0 
7f174ab6a000-7f174ac68000 rw-p 00000000 00:00 0                          [stack:24108]
7f174ac68000-7f174ac6b000 ---p 00000000 00:00 0 
7f174ac6b000-7f174ad69000 rw-p 00000000 00:00 0                          [stack:24107]
7f174ad69000-7f174ad6c000 ---p 00000000 00:00 0 
7f174ad6c000-7f174b06a000 rw-p 00000000 00:00 0                          [stack:24105]
7f174b06a000-7f174b06b000 ---p 00000000 00:00 0 
7f174b06b000-7f174b16b000 rw-p 00000000 00:00 0                          [stack:24104]
7f174b16b000-7f174b16e000 ---p 00000000 00:00 0 
7f174b16e000-7f174b26c000 rw-p 00000000 00:00 0                          [stack:24103]
7f174b26c000-7f174b26f000 ---p 00000000 00:00 0 
7f174b26f000-7f174b36d000 rw-p 00000000 00:00 0                          [stack:24102]
7f174b36d000-7f174b370000 ---p 00000000 00:00 0 
7f174b370000-7f174b46e000 rw-p 00000000 00:00 0                          [stack:24101]
7f174b46e000-7f174b473000 r--s 0009a000 08:01 409162                     /usr/lib/jvm/java-8-oracle/jre/lib/jsse.jar
7f174b473000-7f174b475000 r--s 0001a000 08:01 413548                     /opt/idea-IU-172.4343.14/lib/idea_rt.jar
7f174b475000-7f174b483000 r--s 0007c000 08:01 1453410                    /home/vagrant/.m2/repository/org/springframework/spring-test/4.2.2.RELEASE/spring-test-4.2.2.RELEASE.jar
7f174b483000-7f174b498000 r--s 000f2000 08:01 1452222                    /home/vagrant/.m2/repository/org/springframework/spring-core/4.2.3.RELEASE/spring-core-4.2.3.RELEASE.jar
7f174b498000-7f174b499000 r--s 0000c000 08:01 1450155                    /home/vagrant/.m2/repository/org/hamcrest/hamcrest-library/1.3/hamcrest-library-1.3.jar
7f174b499000-7f174b49b000 r--s 00009000 08:01 1450144                    /home/vagrant/.m2/repository/org/hamcrest/hamcrest-core/1.3/hamcrest-core-1.3.jar
7f174b49b000-7f174b49d000 r--s 00009000 08:01 1450153                    /home/vagrant/.m2/repository/org/objenesis/objenesis/2.1/objenesis-2.1.jar
7f174b49d000-7f174b4b9000 r--s 00103000 08:01 1450149                    /home/vagrant/.m2/repository/org/mockito/mockito-core/1.10.19/mockito-core-1.10.19.jar
7f174b4b9000-7f174b4c1000 r--s 00045000 08:01 531603                     /home/vagrant/.m2/repository/junit/junit/4.12/junit-4.12.jar
7f174b4c1000-7f174b4c2000 r--s 00000000 08:01 1588684                    /home/vagrant/.m2/repository/org/springframework/boot/spring-boot-starter-test/1.3.0.RELEASE/spring-boot-starter-test-1.3.0.RELEASE.jar
7f174b4c2000-7f174b4cf000 r--s 00060000 08:01 1453016                    /home/vagrant/.m2/repository/org/springframework/boot/spring-boot-actuator/1.3.0.RELEASE/spring-boot-actuator-1.3.0.RELEASE.jar
7f174b4cf000-7f174b4d0000 r--s 00000000 08:01 1453014                    /home/vagrant/.m2/repository/org/springframework/boot/spring-boot-starter-actuator/1.3.0.RELEASE/spring-boot-starter-actuator-1.3.0.RELEASE.jar
7f174b4d0000-7f174b4d2000 r--s 00006000 08:01 1191291                    /home/vagrant/.m2/repository/com/google/code/findbugs/jsr305/2.0.0/jsr305-2.0.0.jar
7f174b4d2000-7f174b4d8000 r--s 00048000 08:01 1190186                    /home/vagrant/.m2/repository/org/apache/commons/commons-lang3/3.1/commons-lang3-3.1.jar
7f174b4d8000-7f174b503000 r--s 001fc000 08:01 1317425                    /home/vagrant/.m2/repository/com/google/guava/guava/18.0/guava-18.0.jar
7f174b503000-7f174b507000 r--s 00019000 08:01 1588530                    /home/vagrant/.m2/repository/org/aspectj/aspectjrt/1.8.7/aspectjrt-1.8.7.jar
7f174b507000-7f174b520000 r--s 001af000 08:01 1573025                    /home/vagrant/.m2/repository/org/aspectj/aspectjweaver/1.8.7/aspectjweaver-1.8.7.jar
7f174b520000-7f174b524000 r--s 00010000 08:01 1191289                    /home/vagrant/.m2/repository/com/netflix/hystrix/hystrix-javanica/1.4.18/hystrix-javanica-1.4.18.jar
7f174b524000-7f174b526000 r--s 00003000 08:01 1191286                    /home/vagrant/.m2/repository/com/netflix/hystrix/hystrix-metrics-event-stream/1.4.18/hystrix-metrics-event-stream-1.4.18.jar
7f174b526000-7f174b52e000 r--s 0003f000 08:01 1191285                    /home/vagrant/.m2/repository/com/netflix/hystrix/hystrix-core/1.4.18/hystrix-core-1.4.18.jar
7f174b52e000-7f174b52f000 r--s 00000000 08:01 1588524                    /home/vagrant/.m2/repository/org/springframework/cloud/spring-cloud-starter-hystrix/1.1.0.M2/spring-cloud-starter-hystrix-1.1.0.M2.jar
7f174b52f000-7f174b531000 r--s 00005000 08:01 1450244                    /home/vagrant/.m2/repository/xpp3/xpp3_min/1.1.4c/xpp3_min-1.1.4c.jar
7f174b531000-7f174b532000 r--s 00001000 08:01 1450239                    /home/vagrant/.m2/repository/xmlpull/xmlpull/1.1.3.1/xmlpull-1.1.3.1.jar
7f174b532000-7f174b53e000 r--s 0006a000 08:01 1191283                    /home/vagrant/.m2/repository/com/thoughtworks/xstream/xstream/1.4.2/xstream-1.4.2.jar
7f174b53e000-7f174b544000 r--s 00046000 08:01 1191281                    /home/vagrant/.m2/repository/io/netty/netty-transport/4.0.25.Final/netty-transport-4.0.25.Final.jar
7f174b544000-7f174b546000 r--s 00027000 08:01 1059233                    /home/vagrant/.m2/repository/io/netty/netty-buffer/4.0.25.Final/netty-buffer-4.0.25.Final.jar
7f174b546000-7f174b54e000 r--s 0005f000 08:01 1191279                    /home/vagrant/.m2/repository/io/netty/netty-common/4.0.25.Final/netty-common-4.0.25.Final.jar
7f174b54e000-7f174b550000 r--s 0000f000 08:01 1191277                    /home/vagrant/.m2/repository/io/netty/netty-transport-native-epoll/4.0.25.Final/netty-transport-native-epoll-4.0.25.Final.jar
7f174b550000-7f174b555000 r--s 00034000 08:01 1191274                    /home/vagrant/.m2/repository/io/netty/netty-handler/4.0.25.Final/netty-handler-4.0.25.Final.jar
7f174b555000-7f174b559000 r--s 0001f000 08:01 1191273                    /home/vagrant/.m2/repository/io/netty/netty-codec/4.0.25.Final/netty-codec-4.0.25.Final.jar
7f174b559000-7f174b561000 r--s 0005f000 08:01 1191271                    /home/vagrant/.m2/repository/io/netty/netty-codec-http/4.0.25.Final/netty-codec-http-4.0.25.Final.jar
7f174b561000-7f174b59f000 r--s 003a2000 08:01 1191270                    /home/vagrant/.m2/repository/com/netflix/eureka/eureka2-client-shaded/2.0.0-rc.2/eureka2-client-shaded-2.0.0-rc.2.jar
7f174b59f000-7f174b5a0000 r--s 00005000 08:01 1191269                    /home/vagrant/.m2/repository/com/netflix/ribbon/ribbon-eureka/2.1.0/ribbon-eureka-2.1.0.jar
7f174b5a0000-7f174b5b3000 r--s 000b9000 08:01 1059230                    /home/vagrant/.m2/repository/io/reactivex/rxjava/1.0.14/rxjava-1.0.14.jar
7f174b5b3000-7f174b5b5000 r--s 00002000 08:01 1059228                    /home/vagrant/.m2/repository/com/netflix/netflix-commons/netflix-statistics/0.1.1/netflix-statistics-0.1.1.jar
7f174b5b5000-7f174b5b8000 r--s 00023000 08:01 1059226                    /home/vagrant/.m2/repository/com/netflix/ribbon/ribbon-loadbalancer/2.1.0/ribbon-loadbalancer-2.1.0.jar
7f174b5b8000-7f174b5b9000 r--s 00001000 08:01 1059224                    /home/vagrant/.m2/repository/com/netflix/netflix-commons/netflix-commons-util/0.1.1/netflix-commons-util-0.1.1.jar
7f174b5b9000-7f174b5c7000 r--s 0007f000 08:01 1449875                    /home/vagrant/.m2/repository/commons-collections/commons-collections/3.2.1/commons-collections-3.2.1.jar
7f174b5c7000-7f174b5c9000 r--s 0000c000 08:01 1191267                    /home/vagrant/.m2/repository/com/netflix/ribbon/ribbon-httpclient/2.1.0/ribbon-httpclient-2.1.0.jar
7f174b5c9000-7f174b5ce000 r--s 00041000 08:01 801911                     /home/vagrant/.m2/repository/commons-lang/commons-lang/2.6/commons-lang-2.6.jar
7f174b5ce000-7f174b5d2000 r--s 00011000 08:01 1059222                    /home/vagrant/.m2/repository/com/netflix/ribbon/ribbon-core/2.1.0/ribbon-core-2.1.0.jar
7f174b5d2000-7f174b5dc000 r--s 00059000 08:01 1059221                    /home/vagrant/.m2/repository/io/reactivex/rxnetty/0.4.9/rxnetty-0.4.9.jar
7f174b5dc000-7f174b5de000 r--s 00006000 08:01 1191264                    /home/vagrant/.m2/repository/io/reactivex/rxnetty-servo/0.4.9/rxnetty-servo-0.4.9.jar
7f174b5de000-7f174b5e1000 r--s 0000b000 08:01 1191263                    /home/vagrant/.m2/repository/io/reactivex/rxnetty-contexts/0.4.9/rxnetty-contexts-0.4.9.jar
7f174b5e1000-7f174b5e2000 r--s 00009000 08:01 1059218                    /home/vagrant/.m2/repository/com/netflix/ribbon/ribbon-transport/2.1.0/ribbon-transport-2.1.0.jar
7f174b5e2000-7f174b5e5000 r--s 00013000 08:01 1059217                    /home/vagrant/.m2/repository/com/netflix/ribbon/ribbon/2.1.0/ribbon-2.1.0.jar
7f174b5e5000-7f174b5e6000 r--s 00000000 08:01 1588522                    /home/vagrant/.m2/repository/org/springframework/cloud/spring-cloud-starter-ribbon/1.1.0.M2/spring-cloud-starter-ribbon-1.1.0.M2.jar
7f174b5e6000-7f174b5e8000 r--s 00003000 08:01 1059215                    /home/vagrant/.m2/repository/com/netflix/governator/governator-annotations/1.7.5/governator-annotations-1.7.5.jar
7f174b5e8000-7f174b5e9000 r--s 00000000 08:01 1451977                    /home/vagrant/.m2/repository/javax/inject/javax.inject/1/javax.inject-1.jar
7f174b5e9000-7f174b5f7000 r--s 00096000 08:01 1191261                    /home/vagrant/.m2/repository/com/google/inject/guice/4.0/guice-4.0.jar
7f174b5f7000-7f174b5fe000 r--s 0003a000 08:01 1453374                    /home/vagrant/.m2/repository/commons-codec/commons-codec/1.9/commons-codec-1.9.jar
7f174b5fe000-7f174b605000 r--s 00049000 08:01 1317783                    /home/vagrant/.m2/repository/org/apache/httpcomponents/httpcore/4.4.4/httpcore-4.4.4.jar
7f174b605000-7f174b612000 r--s 000a6000 08:01 1317782                    /home/vagrant/.m2/repository/org/apache/httpcomponents/httpclient/4.5.1/httpclient-4.5.1.jar
7f174b612000-7f174b614000 r--s 00003000 08:01 1059210                    /home/vagrant/.m2/repository/com/sun/jersey/contribs/jersey-apache-client4/1.19/jersey-apache-client4-1.19.jar
7f174b614000-7f174b617000 r--s 0001e000 08:01 1059209                    /home/vagrant/.m2/repository/com/sun/jersey/jersey-client/1.19/jersey-client-1.19.jar
7f174b617000-7f174b621000 r--s 00061000 08:01 1059207                    /home/vagrant/.m2/repository/com/sun/jersey/jersey-core/1.19/jersey-core-1.19.jar
7f174b621000-7f174b625000 r--s 00027000 08:01 1059206                    /home/vagrant/.m2/repository/com/netflix/servo/servo-internal/0.9.4/servo-internal-0.9.4.jar
7f174b625000-7f174b62a000 r--s 00032000 08:01 1059203                    /home/vagrant/.m2/repository/com/netflix/servo/servo-core/0.9.4/servo-core-0.9.4.jar
7f174b62a000-7f174b62c000 r--s 0000a000 08:01 1588528                    /home/vagrant/.m2/repository/javax/ws/rs/jsr311-api/1.1.1/jsr311-api-1.1.1.jar
7f174b62c000-7f174b62e000 r--s 0000e000 08:01 1191259                    /home/vagrant/.m2/repository/commons-logging/commons-logging/1.1.3/commons-logging-1.1.3.jar
7f174b62e000-7f174b635000 r--s 00050000 08:01 1059202                    /home/vagrant/.m2/repository/commons-configuration/commons-configuration/1.8/commons-configuration-1.8.jar
7f174b635000-7f174b639000 r--s 0001e000 08:01 1059198                    /home/vagrant/.m2/repository/com/netflix/archaius/archaius-core/0.7.1/archaius-core-0.7.1.jar
7f174b639000-7f174b63b000 r--s 0000f000 08:01 1059196                    /home/vagrant/.m2/repository/com/netflix/netflix-commons/netflix-eventbus/0.1.2/netflix-eventbus-0.1.2.jar
7f174b63b000-7f174b63d000 r--s 00005000 08:01 1059194                    /home/vagrant/.m2/repository/stax/stax-api/1.0.1/stax-api-1.0.1.jar
7f174b63d000-7f174b640000 r--s 00012000 08:01 1059193                    /home/vagrant/.m2/repository/org/codehaus/jettison/jettison/1.3.7/jettison-1.3.7.jar
7f174b640000-7f174b646000 r--s 0003e000 08:01 1059191                    /home/vagrant/.m2/repository/com/netflix/eureka/eureka-client/1.2.5/eureka-client-1.2.5.jar
7f174b646000-7f174b64d000 r--s 0003a000 08:01 1588518                    /home/vagrant/.m2/repository/org/springframework/cloud/spring-cloud-netflix-core/1.1.0.M2/spring-cloud-netflix-core-1.1.0.M2.jar
7f174b64d000-7f174b650000 r--s 0000a000 08:01 1453371                    /home/vagrant/.m2/repository/org/springframework/cloud/spring-cloud-commons/1.1.0.M2/spring-cloud-commons-1.1.0.M2.jar
7f174b650000-7f174b652000 r--s 00009000 08:01 1588516                    /home/vagrant/.m2/repository/org/springframework/security/spring-security-crypto/4.0.2.RELEASE/spring-security-crypto-4.0.2.RELEASE.jar
7f174b652000-7f174b656000 r--s 00011000 08:01 1588517                    /home/vagrant/.m2/repository/org/springframework/cloud/spring-cloud-context/1.1.0.M2/spring-cloud-context-1.1.0.M2.jar
7f174b656000-7f174b657000 r--s 00000000 08:01 1453369                    /home/vagrant/.m2/repository/org/springframework/cloud/spring-cloud-starter/1.1.0.M2/spring-cloud-starter-1.1.0.M2.jar
7f174b657000-7f174b658000 r--s 00000000 08:01 1453368                    /home/vagrant/.m2/repository/org/springframework/cloud/spring-cloud-starter-eureka/1.1.0.M2/spring-cloud-starter-eureka-1.1.0.M2.jar
7f174b658000-7f174b6a5000 r--s 0040c000 08:01 929611                     /home/vagrant/.m2/repository/org/codehaus/groovy/groovy/2.4.4/groovy-2.4.4.jar
7f174b6a5000-7f174b6a8000 r--s 00016000 08:01 1191398                    /home/vagrant/.m2/repository/nz/net/ultraq/thymeleaf/thymeleaf-layout-dialect/1.3.1/thymeleaf-layout-dialect-1.3.1.jar
7f174b6a8000-7f174b6ab000 r--s 00020000 08:01 670344                     /home/vagrant/.m2/repository/org/unbescape/unbescape/1.1.0.RELEASE/unbescape-1.1.0.RELEASE.jar
7f174b6ab000-7f174b6b5000 r--s 000a5000 08:01 1573051                    /home/vagrant/.m2/repository/org/javassist/javassist/3.18.1-GA/javassist-3.18.1-GA.jar
7f174b6b5000-7f174b6b8000 r--s 00035000 08:01 1059246                    /home/vagrant/.m2/repository/ognl/ognl/3.0.8/ognl-3.0.8.jar
7f174b6b8000-7f174b6c5000 r--s 000b7000 08:01 670341                     /home/vagrant/.m2/repository/org/thymeleaf/thymeleaf/2.1.4.RELEASE/thymeleaf-2.1.4.RELEASE.jar
7f174b6c5000-7f174b6c8000 r--s 00034000 08:01 670340                     /home/vagrant/.m2/repository/org/thymeleaf/thymeleaf-spring4/2.1.4.RELEASE/thymeleaf-spring4-2.1.4.RELEASE.jar
7f174b6c8000-7f174b6c9000 r--s 00000000 08:01 1588682                    /home/vagrant/.m2/repository/org/springframework/boot/spring-boot-starter-thymeleaf/1.3.0.RELEASE/spring-boot-starter-thymeleaf-1.3.0.RELEASE.jar
7f174b6c9000-7f174b6d9000 r--s 0008c000 08:01 1588842                    /home/vagrant/.m2/repository/org/springframework/data/spring-data-commons/1.11.0.RELEASE/spring-data-commons-1.11.0.RELEASE.jar
7f174b6d9000-7f174b6e0000 r--s 0003a000 08:01 1588614                    /home/vagrant/.m2/repository/org/springframework/spring-tx/4.2.2.RELEASE/spring-tx-4.2.2.RELEASE.jar
7f174b6e0000-7f174b6ef000 r--s 00091000 08:01 1588976                    /home/vagrant/.m2/repository/org/springframework/data/spring-data-mongodb/1.8.0.RELEASE/spring-data-mongodb-1.8.0.RELEASE.jar
7f174b6ef000-7f174b6f9000 r--s 0008a000 08:01 532118                     /home/vagrant/.m2/repository/org/mongodb/mongo-java-driver/2.13.3/mongo-java-driver-2.13.3.jar
7f174b6f9000-7f174b6fa000 r--s 00000000 08:01 1583073                    /home/vagrant/.m2/repository/org/springframework/boot/spring-boot-starter-data-mongodb/1.3.0.RELEASE/spring-boot-starter-data-mongodb-1.3.0.RELEASE.jar
7f174b6fa000-7f174b6fc000 r--s 00003000 08:01 1190425                    /home/vagrant/.m2/repository/org/slf4j/jcl-over-slf4j/1.7.13/jcl-over-slf4j-1.7.13.jar
7f174b6fc000-7f174b6fe000 r--s 00007000 08:01 1452226                    /home/vagrant/.m2/repository/org/slf4j/slf4j-api/1.7.13/slf4j-api-1.7.13.jar
7f174b6fe000-7f174b6ff000 r--s 00002000 08:01 800378                     /home/vagrant/.m2/repository/com/github/fge/btf/1.2/btf-1.2.jar
7f174b6ff000-7f174b701000 r--s 00008000 08:01 800374                     /home/vagrant/.m2/repository/com/github/fge/msg-simple/1.1/msg-simple-1.1.jar
7f174b701000-7f174b703000 r--s 00006000 08:01 800372                     /home/vagrant/.m2/repository/com/github/fge/jackson-coreutils/1.6/jackson-coreutils-1.6.jar
7f174b703000-7f174b705000 r--s 00009000 08:01 800368                     /home/vagrant/.m2/repository/com/github/fge/json-patch/1.7/json-patch-1.7.jar
7f174b705000-7f174b707000 r--s 00002000 08:01 531971                     /home/vagrant/.m2/repository/org/atteo/evo-inflector/1.2.1/evo-inflector-1.2.1.jar
7f174b707000-7f174b70c000 r--s 00027000 08:01 1583001                    /home/vagrant/.m2/repository/org/springframework/hateoas/spring-hateoas/0.19.0.RELEASE/spring-hateoas-0.19.0.RELEASE.jar
7f174b70c000-7f174b710000 r--s 00017000 08:01 1716294                    /home/vagrant/.m2/repository/org/springframework/data/spring-data-rest-core/2.4.0.RELEASE/spring-data-rest-core-2.4.0.RELEASE.jar
7f174b710000-7f174b715000 r--s 00033000 08:01 1716292                    /home/vagrant/.m2/repository/org/springframework/data/spring-data-rest-webmvc/2.4.0.RELEASE/spring-data-rest-webmvc-2.4.0.RELEASE.jar
7f174b715000-7f174b717000 r--s 00058000 08:01 1716296                    /home/vagrant/.m2/repository/org/springframework/data/spring-data-rest-hal-browser/2.4.0.RELEASE/spring-data-rest-hal-browser-2.4.0.RELEASE.jar
7f174b717000-7f174b72b000 r--s 0013c000 08:01 1588526                    /home/vagrant/.m2/repository/org/projectlombok/lombok/1.16.6/lombok-1.16.6.jar
7f174b72b000-7f174b730000 r--s 0003c000 08:01 1453365                    /home/vagrant/.m2/repository/org/springframework/spring-expression/4.2.2.RELEASE/spring-expression-4.2.2.RELEASE.jar
7f174b730000-7f174b741000 r--s 000c5000 08:01 1453359                    /home/vagrant/.m2/repository/org/springframework/spring-webmvc/4.2.2.RELEASE/spring-webmvc-4.2.2.RELEASE.jar
7f174b741000-7f174b75a000 r--s 000f1000 08:01 1453357                    /home/vagrant/.m2/repository/org/springframework/spring-context/4.2.2.RELEASE/spring-context-4.2.2.RELEASE.jar
7f174b75a000-7f174b768000 r--s 000a5000 08:01 1453356                    /home/vagrant/.m2/repository/org/springframework/spring-beans/4.2.2.RELEASE/spring-beans-4.2.2.RELEASE.jar
7f174b768000-7f174b76a000 r--s 00000000 08:01 1451978                    /home/vagrant/.m2/repository/aopalliance/aopalliance/1.0/aopalliance-1.0.jar
7f174b76a000-7f174b773000 r--s 00051000 08:01 1453360                    /home/vagrant/.m2/repository/org/springframework/spring-aop/4.2.2.RELEASE/spring-aop-4.2.2.RELEASE.jar
7f174b773000-7f174b784000 r--s 000ab000 08:01 1453358                    /home/vagrant/.m2/repository/org/springframework/spring-web/4.2.2.RELEASE/spring-web-4.2.2.RELEASE.jar
7f174b784000-7f174b795000 r--s 0010d000 08:01 1452209                    /home/vagrant/.m2/repository/com/fasterxml/jackson/core/jackson-databind/2.6.3/jackson-databind-2.6.3.jar
7f174b795000-7f174b7a6000 r--s 0009a000 08:01 1452239                    /home/vagrant/.m2/repository/org/hibernate/hibernate-validator/5.2.2.Final/hibernate-validator-5.2.2.Final.jar
7f174b7a6000-7f174b7cb000 r--s 0028c000 08:01 1452241                    /home/vagrant/.m2/repository/org/apache/tomcat/embed/tomcat-embed-core/8.0.28/tomcat-embed-core-8.0.28.jar
7f174b7cb000-7f174b7ce000 r-xp 00000000 08:01 59190                      /lib/x86_64-linux-gnu/libnss_myhostname.so.2
7f174b7ce000-7f174b9cd000 ---p 00003000 08:01 59190                      /lib/x86_64-linux-gnu/libnss_myhostname.so.2
7f174b9cd000-7f174b9ce000 r--p 00002000 08:01 59190                      /lib/x86_64-linux-gnu/libnss_myhostname.so.2
7f174b9ce000-7f174b9cf000 rw-p 00003000 08:01 59190                      /lib/x86_64-linux-gnu/libnss_myhostname.so.2
7f174b9cf000-7f174b9e0000 r-xp 00000000 08:01 409075                     /usr/lib/jvm/java-8-oracle/jre/lib/amd64/libnio.so
7f174b9e0000-7f174bbdf000 ---p 00011000 08:01 409075                     /usr/lib/jvm/java-8-oracle/jre/lib/amd64/libnio.so
7f174bbdf000-7f174bbe0000 rw-p 00010000 08:01 409075                     /usr/lib/jvm/java-8-oracle/jre/lib/amd64/libnio.so
7f174bbe0000-7f174bbf6000 r-xp 00000000 08:01 409073                     /usr/lib/jvm/java-8-oracle/jre/lib/amd64/libnet.so
7f174bbf6000-7f174bdf6000 ---p 00016000 08:01 409073                     /usr/lib/jvm/java-8-oracle/jre/lib/amd64/libnet.so
7f174bdf6000-7f174bdf7000 rw-p 00016000 08:01 409073                     /usr/lib/jvm/java-8-oracle/jre/lib/amd64/libnet.so
7f174bdf7000-7f174be00000 r-xp 00000000 08:01 409060                     /usr/lib/jvm/java-8-oracle/jre/lib/amd64/libmanagement.so
7f174be00000-7f174bfff000 ---p 00009000 08:01 409060                     /usr/lib/jvm/java-8-oracle/jre/lib/amd64/libmanagement.so
7f174bfff000-7f174c000000 rw-p 00008000 08:01 409060                     /usr/lib/jvm/java-8-oracle/jre/lib/amd64/libmanagement.so
7f174c000000-7f174c304000 rw-p 00000000 00:00 0 
7f174c304000-7f1750000000 ---p 00000000 00:00 0 
7f1750000000-7f1750871000 rw-p 00000000 00:00 0 
7f1750871000-7f1754000000 ---p 00000000 00:00 0 
7f1754000000-7f175403a000 rw-p 00000000 00:00 0 
7f175403a000-7f1758000000 ---p 00000000 00:00 0 
7f1758000000-7f175812a000 rw-p 00000000 00:00 0 
7f175812a000-7f175c000000 ---p 00000000 00:00 0 
7f175c000000-7f175c021000 rw-p 00000000 00:00 0 
7f175c021000-7f1760000000 ---p 00000000 00:00 0 
7f1760000000-7f1760346000 rw-p 00000000 00:00 0 
7f1760346000-7f1764000000 ---p 00000000 00:00 0 
7f1764000000-7f1764021000 rw-p 00000000 00:00 0 
7f1764021000-7f1768000000 ---p 00000000 00:00 0 
7f1768000000-7f176829a000 rw-p 00000000 00:00 0 
7f176829a000-7f176c000000 ---p 00000000 00:00 0 
7f176c000000-7f176c030000 rw-p 00000000 00:00 0 
7f176c030000-7f1770000000 ---p 00000000 00:00 0 
7f1770000000-7f1770042000 rw-p 00000000 00:00 0 
7f1770042000-7f1774000000 ---p 00000000 00:00 0 
7f1774000000-7f177402f000 rw-p 00000000 00:00 0 
7f177402f000-7f1778000000 ---p 00000000 00:00 0 
7f1778000000-7f1778001000 r--s 00004000 08:01 1583003                    /home/vagrant/.m2/repository/org/springframework/plugin/spring-plugin-core/1.2.0.RELEASE/spring-plugin-core-1.2.0.RELEASE.jar
7f1778001000-7f1778005000 r--s 0003c000 08:01 1452234                    /home/vagrant/.m2/repository/com/fasterxml/jackson/core/jackson-core/2.6.3/jackson-core-2.6.3.jar
7f1778005000-7f1778008000 r--s 00009000 08:01 1452221                    /home/vagrant/.m2/repository/com/fasterxml/jackson/core/jackson-annotations/2.6.3/jackson-annotations-2.6.3.jar
7f1778008000-7f177800a000 r--s 0000e000 08:01 1452243                    /home/vagrant/.m2/repository/com/fasterxml/classmate/1.1.0/classmate-1.1.0.jar
7f177800a000-7f177800c000 r--s 0000f000 08:01 1451399                    /home/vagrant/.m2/repository/org/jboss/logging/jboss-logging/3.3.0.Final/jboss-logging-3.3.0.Final.jar
7f177800c000-7f1778010000 r--s 0000c000 08:01 1451398                    /home/vagrant/.m2/repository/javax/validation/validation-api/1.1.0.Final/validation-api-1.1.0.Final.jar
7f1778010000-7f1778011000 r--s 00000000 08:01 1452233                    /home/vagrant/.m2/repository/org/springframework/boot/spring-boot-starter-validation/1.3.0.RELEASE/spring-boot-starter-validation-1.3.0.RELEASE.jar
7f1778011000-7f1778017000 r--s 00036000 08:01 1452224                    /home/vagrant/.m2/repository/org/apache/tomcat/embed/tomcat-embed-websocket/8.0.28/tomcat-embed-websocket-8.0.28.jar
7f1778017000-7f1778018000 r--s 00009000 08:01 1452219                    /home/vagrant/.m2/repository/org/apache/tomcat/embed/tomcat-embed-logging-juli/8.0.28/tomcat-embed-logging-juli-8.0.28.jar
7f1778018000-7f177801d000 r--s 00036000 08:01 1452238                    /home/vagrant/.m2/repository/org/apache/tomcat/embed/tomcat-embed-el/8.0.28/tomcat-embed-el-8.0.28.jar
7f177801d000-7f177801e000 r--s 00000000 08:01 1452207                    /home/vagrant/.m2/repository/org/springframework/boot/spring-boot-starter-tomcat/1.3.0.RELEASE/spring-boot-starter-tomcat-1.3.0.RELEASE.jar
7f177801e000-7f1778024000 r--s 0003c000 08:01 1452225                    /home/vagrant/.m2/repository/org/yaml/snakeyaml/1.16/snakeyaml-1.16.jar
7f1778024000-7f1778025000 r--s 00005000 08:01 1190429                    /home/vagrant/.m2/repository/org/slf4j/log4j-over-slf4j/1.7.13/log4j-over-slf4j-1.7.13.jar
7f1778025000-7f1778027000 r--s 00000000 08:01 1190428                    /home/vagrant/.m2/repository/org/slf4j/jul-to-slf4j/1.7.13/jul-to-slf4j-1.7.13.jar
7f1778027000-7f1778032000 r--s 00065000 08:01 1452217                    /home/vagrant/.m2/repository/ch/qos/logback/logback-core/1.1.3/logback-core-1.1.3.jar
7f1778032000-7f1778038000 r--s 0003f000 08:01 1452214                    /home/vagrant/.m2/repository/ch/qos/logback/logback-classic/1.1.3/logback-classic-1.1.3.jar
7f1778038000-7f177804f000 r--s 0009e000 08:01 1452211                    /home/vagrant/.m2/repository/org/springframework/boot/spring-boot-autoconfigure/1.3.0.RELEASE/spring-boot-autoconfigure-1.3.0.RELEASE.jar
7f177804f000-7f1778062000 r--s 000d6000 08:01 408911                     /usr/lib/jvm/java-8-oracle/jre/lib/plugin.jar
7f1778062000-7f177807d000 r--s 0020b000 08:01 408908                     /usr/lib/jvm/java-8-oracle/jre/lib/deploy.jar
7f177807d000-7f17780ae000 rw-p 00000000 00:00 0 
7f17780ae000-7f17780b1000 ---p 00000000 00:00 0 
7f17780b1000-7f17781af000 rw-p 00000000 00:00 0                          [stack:24099]
7f17781af000-7f17781b2000 ---p 00000000 00:00 0 
7f17781b2000-7f17782b0000 rw-p 00000000 00:00 0                          [stack:24098]
7f17782b0000-7f17782b3000 ---p 00000000 00:00 0 
7f17782b3000-7f17783b1000 rw-p 00000000 00:00 0                          [stack:24097]
7f17783b1000-7f17783b4000 ---p 00000000 00:00 0 
7f17783b4000-7f17784b2000 rw-p 00000000 00:00 0                          [stack:24087]
7f17784b2000-7f17784b5000 ---p 00000000 00:00 0 
7f17784b5000-7f17785b3000 rw-p 00000000 00:00 0                          [stack:24086]
7f17785b3000-7f17785b6000 ---p 00000000 00:00 0 
7f17785b6000-7f17786b4000 rw-p 00000000 00:00 0                          [stack:24085]
7f17786b4000-7f17786b8000 r-xp 00000000 08:01 409068                     /usr/lib/jvm/java-8-oracle/jre/lib/amd64/libdt_socket.so
7f17786b8000-7f17788b7000 ---p 00004000 08:01 409068                     /usr/lib/jvm/java-8-oracle/jre/lib/amd64/libdt_socket.so
7f17788b7000-7f17788b8000 rw-p 00003000 08:01 409068                     /usr/lib/jvm/java-8-oracle/jre/lib/amd64/libdt_socket.so
7f17788b8000-7f17788bb000 ---p 00000000 00:00 0 
7f17788bb000-7f17789b9000 rw-p 00000000 00:00 0                          [stack:24084]
7f17789b9000-7f17789bc000 ---p 00000000 00:00 0 
7f17789bc000-7f1778aba000 rw-p 00000000 00:00 0                          [stack:24083]
7f1778aba000-7f1778abd000 ---p 00000000 00:00 0 
7f1778abd000-7f1778bbb000 rw-p 00000000 00:00 0                          [stack:24082]
7f1778bbb000-7f1778bbc000 ---p 00000000 00:00 0 
7f1778bbc000-7f1779614000 rw-p 00000000 00:00 0                          [stack:24081]
7f1779614000-7f17797ee000 r--s 03d4d000 08:01 408925                     /usr/lib/jvm/java-8-oracle/jre/lib/rt.jar
7f17797ee000-7f177c9a1000 rw-p 00000000 00:00 0 
7f177c9a1000-7f177c9a2000 ---p 00000000 00:00 0 
7f177c9a2000-7f177cac7000 rw-p 00000000 00:00 0                          [stack:24080]
7f177cac7000-7f177cc40000 ---p 00000000 00:00 0 
7f177cc40000-7f177cc76000 rw-p 00000000 00:00 0 
7f177cc76000-7f177d000000 ---p 00000000 00:00 0 
7f177d000000-7f177dd60000 rwxp 00000000 00:00 0 
7f177dd60000-7f178c000000 ---p 00000000 00:00 0 
7f178c000000-7f178d1f6000 rw-p 00000000 00:00 0 
7f178d1f6000-7f1790000000 ---p 00000000 00:00 0 
7f1790000000-7f179000d000 r--s 00076000 08:01 1452204                    /home/vagrant/.m2/repository/org/springframework/boot/spring-boot/1.3.0.RELEASE/spring-boot-1.3.0.RELEASE.jar
7f179000d000-7f179002e000 rw-p 00000000 00:00 0 
7f179002e000-7f179002f000 ---p 00000000 00:00 0 
7f179002f000-7f1790154000 rw-p 00000000 00:00 0                          [stack:24079]
7f1790154000-7f17902cd000 ---p 00000000 00:00 0 
7f17902cd000-7f179039c000 rw-p 00000000 00:00 0 
7f179039c000-7f179039d000 rw-p 00000000 00:00 0 
7f179039d000-7f17903b7000 r-xp 00000000 08:01 409083                     /usr/lib/jvm/java-8-oracle/jre/lib/amd64/libzip.so
7f17903b7000-7f17905b7000 ---p 0001a000 08:01 409083                     /usr/lib/jvm/java-8-oracle/jre/lib/amd64/libzip.so
7f17905b7000-7f17905b8000 rw-p 0001a000 08:01 409083                     /usr/lib/jvm/java-8-oracle/jre/lib/amd64/libzip.so
7f17905b8000-7f17905c2000 r-xp 00000000 08:01 3069                       /lib/x86_64-linux-gnu/libnss_files-2.19.so
7f17905c2000-7f17907c1000 ---p 0000a000 08:01 3069                       /lib/x86_64-linux-gnu/libnss_files-2.19.so
7f17907c1000-7f17907c2000 r--p 00009000 08:01 3069                       /lib/x86_64-linux-gnu/libnss_files-2.19.so
7f17907c2000-7f17907c3000 rw-p 0000a000 08:01 3069                       /lib/x86_64-linux-gnu/libnss_files-2.19.so
7f17907c3000-7f17907ce000 r-xp 00000000 08:01 2961                       /lib/x86_64-linux-gnu/libnss_nis-2.19.so
7f17907ce000-7f17909cd000 ---p 0000b000 08:01 2961                       /lib/x86_64-linux-gnu/libnss_nis-2.19.so
7f17909cd000-7f17909ce000 r--p 0000a000 08:01 2961                       /lib/x86_64-linux-gnu/libnss_nis-2.19.so
7f17909ce000-7f17909cf000 rw-p 0000b000 08:01 2961                       /lib/x86_64-linux-gnu/libnss_nis-2.19.so
7f17909cf000-7f17909e6000 r-xp 00000000 08:01 2918                       /lib/x86_64-linux-gnu/libnsl-2.19.so
7f17909e6000-7f1790be5000 ---p 00017000 08:01 2918                       /lib/x86_64-linux-gnu/libnsl-2.19.so
7f1790be5000-7f1790be6000 r--p 00016000 08:01 2918                       /lib/x86_64-linux-gnu/libnsl-2.19.so
7f1790be6000-7f1790be7000 rw-p 00017000 08:01 2918                       /lib/x86_64-linux-gnu/libnsl-2.19.so
7f1790be7000-7f1790be9000 rw-p 00000000 00:00 0 
7f1790be9000-7f1790bf2000 r-xp 00000000 08:01 2929                       /lib/x86_64-linux-gnu/libnss_compat-2.19.so
7f1790bf2000-7f1790df1000 ---p 00009000 08:01 2929                       /lib/x86_64-linux-gnu/libnss_compat-2.19.so
7f1790df1000-7f1790df2000 r--p 00008000 08:01 2929                       /lib/x86_64-linux-gnu/libnss_compat-2.19.so
7f1790df2000-7f1790df3000 rw-p 00009000 08:01 2929                       /lib/x86_64-linux-gnu/libnss_compat-2.19.so
7f1790df3000-7f1790f7c000 r--p 00000000 08:01 27011                      /usr/lib/locale/locale-archive
7f1790f7c000-7f1790f7e000 r-xp 00000000 08:01 409098                     /usr/lib/jvm/java-8-oracle/jre/lib/amd64/libnpt.so
7f1790f7e000-7f179117e000 ---p 00002000 08:01 409098                     /usr/lib/jvm/java-8-oracle/jre/lib/amd64/libnpt.so
7f179117e000-7f179117f000 rw-p 00002000 08:01 409098                     /usr/lib/jvm/java-8-oracle/jre/lib/amd64/libnpt.so
7f179117f000-7f17911b8000 r-xp 00000000 08:01 409099                     /usr/lib/jvm/java-8-oracle/jre/lib/amd64/libjdwp.so
7f17911b8000-7f17913b8000 ---p 00039000 08:01 409099                     /usr/lib/jvm/java-8-oracle/jre/lib/amd64/libjdwp.so
7f17913b8000-7f17913b9000 rw-p 00039000 08:01 409099                     /usr/lib/jvm/java-8-oracle/jre/lib/amd64/libjdwp.so
7f17913b9000-7f17913ba000 rw-p 00000000 00:00 0 
7f17913ba000-7f17913e5000 r-xp 00000000 08:01 409096                     /usr/lib/jvm/java-8-oracle/jre/lib/amd64/libjava.so
7f17913e5000-7f17915e4000 ---p 0002b000 08:01 409096                     /usr/lib/jvm/java-8-oracle/jre/lib/amd64/libjava.so
7f17915e4000-7f17915e6000 rw-p 0002a000 08:01 409096                     /usr/lib/jvm/java-8-oracle/jre/lib/amd64/libjava.so
7f17915e6000-7f17915f3000 r-xp 00000000 08:01 409092                     /usr/lib/jvm/java-8-oracle/jre/lib/amd64/libverify.so
7f17915f3000-7f17917f3000 ---p 0000d000 08:01 409092                     /usr/lib/jvm/java-8-oracle/jre/lib/amd64/libverify.so
7f17917f3000-7f17917f5000 rw-p 0000d000 08:01 409092                     /usr/lib/jvm/java-8-oracle/jre/lib/amd64/libverify.so
7f17917f5000-7f17917fc000 r-xp 00000000 08:01 2890                       /lib/x86_64-linux-gnu/librt-2.19.so
7f17917fc000-7f17919fb000 ---p 00007000 08:01 2890                       /lib/x86_64-linux-gnu/librt-2.19.so
7f17919fb000-7f17919fc000 r--p 00006000 08:01 2890                       /lib/x86_64-linux-gnu/librt-2.19.so
7f17919fc000-7f17919fd000 rw-p 00007000 08:01 2890                       /lib/x86_64-linux-gnu/librt-2.19.so
7f17919fd000-7f1791b02000 r-xp 00000000 08:01 2984                       /lib/x86_64-linux-gnu/libm-2.19.so
7f1791b02000-7f1791d01000 ---p 00105000 08:01 2984                       /lib/x86_64-linux-gnu/libm-2.19.so
7f1791d01000-7f1791d02000 r--p 00104000 08:01 2984                       /lib/x86_64-linux-gnu/libm-2.19.so
7f1791d02000-7f1791d03000 rw-p 00105000 08:01 2984                       /lib/x86_64-linux-gnu/libm-2.19.so
7f1791d03000-7f17929d6000 r-xp 00000000 08:01 409088                     /usr/lib/jvm/java-8-oracle/jre/lib/amd64/server/libjvm.so
7f17929d6000-7f1792bd5000 ---p 00cd3000 08:01 409088                     /usr/lib/jvm/java-8-oracle/jre/lib/amd64/server/libjvm.so
7f1792bd5000-7f1792caf000 rw-p 00cd2000 08:01 409088                     /usr/lib/jvm/java-8-oracle/jre/lib/amd64/server/libjvm.so
7f1792caf000-7f1792cfa000 rw-p 00000000 00:00 0 
7f1792cfa000-7f1792eb8000 r-xp 00000000 08:01 3068                       /lib/x86_64-linux-gnu/libc-2.19.so
7f1792eb8000-7f17930b8000 ---p 001be000 08:01 3068                       /lib/x86_64-linux-gnu/libc-2.19.so
7f17930b8000-7f17930bc000 r--p 001be000 08:01 3068                       /lib/x86_64-linux-gnu/libc-2.19.so
7f17930bc000-7f17930be000 rw-p 001c2000 08:01 3068                       /lib/x86_64-linux-gnu/libc-2.19.so
7f17930be000-7f17930c3000 rw-p 00000000 00:00 0 
7f17930c3000-7f17930c6000 r-xp 00000000 08:01 2919                       /lib/x86_64-linux-gnu/libdl-2.19.so
7f17930c6000-7f17932c5000 ---p 00003000 08:01 2919                       /lib/x86_64-linux-gnu/libdl-2.19.so
7f17932c5000-7f17932c6000 r--p 00002000 08:01 2919                       /lib/x86_64-linux-gnu/libdl-2.19.so
7f17932c6000-7f17932c7000 rw-p 00003000 08:01 2919                       /lib/x86_64-linux-gnu/libdl-2.19.so
7f17932c7000-7f17932dc000 r-xp 00000000 08:01 408210                     /usr/lib/jvm/java-8-oracle/lib/amd64/jli/libjli.so
7f17932dc000-7f17934dc000 ---p 00015000 08:01 408210                     /usr/lib/jvm/java-8-oracle/lib/amd64/jli/libjli.so
7f17934dc000-7f17934dd000 rw-p 00015000 08:01 408210                     /usr/lib/jvm/java-8-oracle/lib/amd64/jli/libjli.so
7f17934dd000-7f17934f6000 r-xp 00000000 08:01 2964                       /lib/x86_64-linux-gnu/libpthread-2.19.so
7f17934f6000-7f17936f5000 ---p 00019000 08:01 2964                       /lib/x86_64-linux-gnu/libpthread-2.19.so
7f17936f5000-7f17936f6000 r--p 00018000 08:01 2964                       /lib/x86_64-linux-gnu/libpthread-2.19.so
7f17936f6000-7f17936f7000 rw-p 00019000 08:01 2964                       /lib/x86_64-linux-gnu/libpthread-2.19.so
7f17936f7000-7f17936fb000 rw-p 00000000 00:00 0 
7f17936fb000-7f179371e000 r-xp 00000000 08:01 2874                       /lib/x86_64-linux-gnu/ld-2.19.so
7f179371e000-7f179371f000 r--s 00000000 08:01 1452212                    /home/vagrant/.m2/repository/org/springframework/boot/spring-boot-starter-logging/1.3.0.RELEASE/spring-boot-starter-logging-1.3.0.RELEASE.jar
7f179371f000-7f1793720000 r--s 00000000 08:01 1452236                    /home/vagrant/.m2/repository/org/springframework/boot/spring-boot-starter/1.3.0.RELEASE/spring-boot-starter-1.3.0.RELEASE.jar
7f1793720000-7f179372a000 r--s 0006c000 08:01 409140                     /usr/lib/jvm/java-8-oracle/jre/lib/javaws.jar
7f179372a000-7f1793808000 rw-p 00000000 00:00 0 
7f1793808000-7f179380b000 ---p 00000000 00:00 0 
7f179380b000-7f179390d000 rw-p 00000000 00:00 0                          [stack:24077]
7f179390d000-7f179390e000 r--s 00000000 08:01 1452200                    /home/vagrant/.m2/repository/org/springframework/boot/spring-boot-starter-web/1.3.0.RELEASE/spring-boot-starter-web-1.3.0.RELEASE.jar
7f179390e000-7f179390f000 r--s 00000000 08:01 409151                     /usr/lib/jvm/java-8-oracle/jre/lib/management-agent.jar
7f179390f000-7f1793911000 r--s 00007000 08:01 409231                     /usr/lib/jvm/java-8-oracle/jre/lib/jfxswt.jar
7f1793911000-7f1793919000 rw-s 00000000 08:01 803214                     /tmp/hsperfdata_vagrant/24075
7f1793919000-7f179391a000 rw-p 00000000 00:00 0 
7f179391a000-7f179391b000 r--p 00000000 00:00 0 
7f179391b000-7f179391d000 rw-p 00000000 00:00 0 
7f179391d000-7f179391e000 r--p 00022000 08:01 2874                       /lib/x86_64-linux-gnu/ld-2.19.so
7f179391e000-7f179391f000 rw-p 00023000 08:01 2874                       /lib/x86_64-linux-gnu/ld-2.19.so
7f179391f000-7f1793920000 rw-p 00000000 00:00 0 
7fffc05ca000-7fffc05ee000 rw-p 00000000 00:00 0                          [stack]
7fffc05f8000-7fffc05fa000 r-xp 00000000 00:00 0                          [vdso]
ffffffffff600000-ffffffffff601000 r-xp 00000000 00:00 0                  [vsyscall]

VM Arguments:
jvm_args: -agentlib:jdwp=transport=dt_socket,address=127.0.0.1:59551,suspend=y,server=n -XX:TieredStopAtLevel=1 -Xverify:none -Dspring.output.ansi.enabled=always -Dcom.sun.management.jmxremote -Dcom.sun.management.jmxremote.port=53569 -Dcom.sun.management.jmxremote.authenticate=false -Dcom.sun.management.jmxremote.ssl=false -Dspring.liveBeansView.mbeanDomain -Dspring.application.admin.enabled=true -Dfile.encoding=UTF-8 
java_command: demo.FoodOrderServiceApplication
java_class_path (initial): /usr/lib/jvm/java-8-oracle/jre/lib/charsets.jar:/usr/lib/jvm/java-8-oracle/jre/lib/deploy.jar:/usr/lib/jvm/java-8-oracle/jre/lib/ext/cldrdata.jar:/usr/lib/jvm/java-8-oracle/jre/lib/ext/dnsns.jar:/usr/lib/jvm/java-8-oracle/jre/lib/ext/jaccess.jar:/usr/lib/jvm/java-8-oracle/jre/lib/ext/jfxrt.jar:/usr/lib/jvm/java-8-oracle/jre/lib/ext/localedata.jar:/usr/lib/jvm/java-8-oracle/jre/lib/ext/nashorn.jar:/usr/lib/jvm/java-8-oracle/jre/lib/ext/sunec.jar:/usr/lib/jvm/java-8-oracle/jre/lib/ext/sunjce_provider.jar:/usr/lib/jvm/java-8-oracle/jre/lib/ext/sunpkcs11.jar:/usr/lib/jvm/java-8-oracle/jre/lib/ext/zipfs.jar:/usr/lib/jvm/java-8-oracle/jre/lib/javaws.jar:/usr/lib/jvm/java-8-oracle/jre/lib/jce.jar:/usr/lib/jvm/java-8-oracle/jre/lib/jfr.jar:/usr/lib/jvm/java-8-oracle/jre/lib/jfxswt.jar:/usr/lib/jvm/java-8-oracle/jre/lib/jsse.jar:/usr/lib/jvm/java-8-oracle/jre/lib/management-agent.jar:/usr/lib/jvm/java-8-oracle/jre/lib/plugin.jar:/usr/lib/jvm/java-8-oracle/jre/lib/resources.jar:/usr/lib/jvm/java-8-oracle/jre/lib/rt.jar:/home/vagrant/workspace/food-transfer-service/food-order-service/target/classes:/home/vagrant/.m2/repository/org/springframework/boot/spring-boot-starter-web/1.3.0.RELEASE/spring-boot-starter-web-1.3.0.RELEASE.jar:/home/vagrant/.m2/repository/org/springframework/boot/spring-boot-starter/1.3.0.RELEASE/spring-boot-starter-1.3.0.RELEASE.jar:/home/vagrant/.m2/repository/org/springframework/boot/spring-boot/1.3.0.RELEASE/spring-boot-1.3.0.RELEASE.jar:/home/vagrant/.m2/repository/org/springframework/boot/spring-boot-autoconfigure/1.3.0.RELEASE/spring-boot-autoconfigure-1.3.0.RELEASE.jar:/home/vagrant/.m2/repository/org/springframework/boot/spring-boot-starter-logging/1.3.0.RELEASE/spring-boot-starter-logging-1.3.0.RELEASE.jar:/home/vagrant/.m2/repository/ch/qos/logback/logback-classic/1.1.3/logback-classic-1.1.3.jar:/home/vagrant/.m2/repository/ch/qos/logback/logback-core/1.1.3/logback-core-1.1.3.jar:/home/vagrant/.m2/repository/org/slf4j
Launcher Type: SUN_STANDARD

Environment Variables:
JAVA_HOME=/usr/lib/jvm/java-8-oracle
PATH=/usr/local/sbin:/usr/local/bin:/usr/sbin:/usr/bin:/sbin:/bin:/usr/games:/usr/local/games:/usr/lib/jvm/java-8-oracle/bin:/usr/lib/jvm/java-8-oracle/db/bin:/usr/lib/jvm/java-8-oracle/jre/bin
LD_LIBRARY_PATH=/opt/idea-IU-172.4343.14/bin:
SHELL=/bin/zsh
DISPLAY=:0.0

Signal Handlers:
SIGSEGV: [libjvm.so+0xacba10], sa_mask[0]=11111111011111111101111111111110, sa_flags=SA_RESTART|SA_SIGINFO
SIGBUS: [libjvm.so+0xacba10], sa_mask[0]=11111111011111111101111111111110, sa_flags=SA_RESTART|SA_SIGINFO
SIGFPE: [libjvm.so+0x924ba0], sa_mask[0]=11111111011111111101111111111110, sa_flags=SA_RESTART|SA_SIGINFO
SIGPIPE: [libjvm.so+0x924ba0], sa_mask[0]=11111111011111111101111111111110, sa_flags=SA_RESTART|SA_SIGINFO
SIGXFSZ: [libjvm.so+0x924ba0], sa_mask[0]=11111111011111111101111111111110, sa_flags=SA_RESTART|SA_SIGINFO
SIGILL: [libjvm.so+0x924ba0], sa_mask[0]=11111111011111111101111111111110, sa_flags=SA_RESTART|SA_SIGINFO
SIGUSR1: SIG_DFL, sa_mask[0]=00000000000000000000000000000000, sa_flags=none
SIGUSR2: [libjvm.so+0x9263e0], sa_mask[0]=00100000000000000000000000000000, sa_flags=SA_RESTART|SA_SIGINFO
SIGHUP: [libjvm.so+0x9277e0], sa_mask[0]=11111111011111111101111111111110, sa_flags=SA_RESTART|SA_SIGINFO
SIGINT: [libjvm.so+0x9277e0], sa_mask[0]=11111111011111111101111111111110, sa_flags=SA_RESTART|SA_SIGINFO
SIGTERM: [libjvm.so+0x9277e0], sa_mask[0]=11111111011111111101111111111110, sa_flags=SA_RESTART|SA_SIGINFO
SIGQUIT: [libjvm.so+0x9277e0], sa_mask[0]=11111111011111111101111111111110, sa_flags=SA_RESTART|SA_SIGINFO


---------------  S Y S T E M  ---------------

OS:DISTRIB_ID=Ubuntu
DISTRIB_RELEASE=14.04
DISTRIB_CODENAME=trusty
DISTRIB_DESCRIPTION="Ubuntu 14.04.5 LTS"

uname:Linux 3.13.0-132-generic #181-Ubuntu SMP Wed Sep 13 13:25:03 UTC 2017 x86_64
libc:glibc 2.19 NPTL 2.19 
rlimit: STACK 8192k, CORE 0k, NPROC 39519, NOFILE 4096, AS infinity
load average:5.56 2.82 1.72

/proc/meminfo:
MemTotal:        5080364 kB
MemFree:          100592 kB
Buffers:             192 kB
Cached:            22016 kB
SwapCached:            0 kB
Active:          4821868 kB
Inactive:          19496 kB
Active(anon):    4820052 kB
Inactive(anon):    17500 kB
Active(file):       1816 kB
Inactive(file):     1996 kB
Unevictable:           8 kB
Mlocked:               8 kB
SwapTotal:             0 kB
SwapFree:              0 kB
Dirty:               116 kB
Writeback:             0 kB
AnonPages:       4819536 kB
Mapped:            19416 kB
Shmem:             18024 kB
Slab:              50232 kB
SReclaimable:      23664 kB
SUnreclaim:        26568 kB
KernelStack:        6256 kB
PageTables:        30376 kB
NFS_Unstable:          0 kB
Bounce:                0 kB
WritebackTmp:          0 kB
CommitLimit:     2540180 kB
Committed_AS:    7956408 kB
VmallocTotal:   34359738367 kB
VmallocUsed:       62384 kB
VmallocChunk:   34359670776 kB
HardwareCorrupted:     0 kB
AnonHugePages:   2746368 kB
HugePages_Total:       0
HugePages_Free:        0
HugePages_Rsvd:        0
HugePages_Surp:        0
Hugepagesize:       2048 kB
DirectMap4k:       71616 kB
DirectMap2M:     5171200 kB


CPU:total 2 (initial active 2) (2 cores per cpu, 1 threads per core) family 6 model 60 stepping 3, cmov, cx8, fxsr, mmx, sse, sse2, sse3, ssse3, sse4.1, sse4.2, popcnt, avx, aes, clmul, lzcnt, tsc, tscinvbit

/proc/cpuinfo:
processor	: 0
vendor_id	: GenuineIntel
cpu family	: 6
model		: 60
model name	: Intel(R) Core(TM) i5-4460  CPU @ 3.20GHz
stepping	: 3
cpu MHz		: 3192.592
cache size	: 6144 KB
physical id	: 0
siblings	: 2
core id		: 0
cpu cores	: 2
apicid		: 0
initial apicid	: 0
fpu		: yes
fpu_exception	: yes
cpuid level	: 13
wp		: yes
flags		: fpu vme de pse tsc msr pae mce cx8 apic sep mtrr pge mca cmov pat pse36 clflush mmx fxsr sse sse2 ht syscall nx rdtscp lm constant_tsc rep_good nopl xtopology nonstop_tsc pni pclmulqdq ssse3 cx16 sse4_1 sse4_2 movbe popcnt aes xsave avx rdrand lahf_lm abm
bogomips	: 6385.18
clflush size	: 64
cache_alignment	: 64
address sizes	: 39 bits physical, 48 bits virtual
power management:

processor	: 1
vendor_id	: GenuineIntel
cpu family	: 6
model		: 60
model name	: Intel(R) Core(TM) i5-4460  CPU @ 3.20GHz
stepping	: 3
cpu MHz		: 3192.592
cache size	: 6144 KB
physical id	: 0
siblings	: 2
core id		: 1
cpu cores	: 2
apicid		: 1
initial apicid	: 1
fpu		: yes
fpu_exception	: yes
cpuid level	: 13
wp		: yes
flags		: fpu vme de pse tsc msr pae mce cx8 apic sep mtrr pge mca cmov pat pse36 clflush mmx fxsr sse sse2 ht syscall nx rdtscp lm constant_tsc rep_good nopl xtopology nonstop_tsc pni pclmulqdq ssse3 cx16 sse4_1 sse4_2 movbe popcnt aes xsave avx rdrand lahf_lm abm
bogomips	: 6385.18
clflush size	: 64
cache_alignment	: 64
address sizes	: 39 bits physical, 48 bits virtual
power management:



Memory: 4k page, physical 5080364k(102148k free), swap 0k(0k free)

vm_info: Java HotSpot(TM) 64-Bit Server VM (25.144-b01) for linux-amd64 JRE (1.8.0_144-b01), built on Jul 21 2017 21:57:33 by "java_re" with gcc 4.3.0 20080428 (Red Hat 4.3.0-8)

time: Thu Nov  2 13:19:47 2017
elapsed time: 287 seconds (0d 0h 4m 47s)

